mode: atomic
github.com/Foxcapades/goop/v1/pkg/option/Uint64Option.go:6.35,8.2 1 133
github.com/Foxcapades/goop/v1/pkg/option/Uint64Option.go:18.41,21.17 2 40
github.com/Foxcapades/goop/v1/pkg/option/Uint64Option.go:26.2,26.12 1 40
github.com/Foxcapades/goop/v1/pkg/option/Uint64Option.go:21.17,24.3 2 20
github.com/Foxcapades/goop/v1/pkg/option/Uint64Option.go:30.30,32.2 1 133
github.com/Foxcapades/goop/v1/pkg/option/Uint64Option.go:43.30,45.2 1 96
github.com/Foxcapades/goop/v1/pkg/option/Uint64Option.go:48.34,50.2 1 5
github.com/Foxcapades/goop/v1/pkg/option/Uint64Option.go:54.39,55.20 1 2
github.com/Foxcapades/goop/v1/pkg/option/Uint64Option.go:59.2,59.17 1 1
github.com/Foxcapades/goop/v1/pkg/option/Uint64Option.go:55.20,57.3 1 1
github.com/Foxcapades/goop/v1/pkg/option/Uint64Option.go:64.48,65.20 1 2
github.com/Foxcapades/goop/v1/pkg/option/Uint64Option.go:69.2,69.17 1 1
github.com/Foxcapades/goop/v1/pkg/option/Uint64Option.go:65.20,67.3 1 1
github.com/Foxcapades/goop/v1/pkg/option/Uint64Option.go:74.59,75.20 1 2
github.com/Foxcapades/goop/v1/pkg/option/Uint64Option.go:79.2,79.17 1 1
github.com/Foxcapades/goop/v1/pkg/option/Uint64Option.go:75.20,76.14 1 1
github.com/Foxcapades/goop/v1/pkg/option/Uint64Option.go:84.56,85.20 1 56
github.com/Foxcapades/goop/v1/pkg/option/Uint64Option.go:89.2,89.17 1 55
github.com/Foxcapades/goop/v1/pkg/option/Uint64Option.go:85.20,86.13 1 1
github.com/Foxcapades/goop/v1/pkg/option/Uint64Option.go:94.30,96.2 1 56
github.com/Foxcapades/goop/v1/pkg/option/Uint64Option.go:104.72,105.20 1 3
github.com/Foxcapades/goop/v1/pkg/option/Uint64Option.go:109.2,110.16 2 2
github.com/Foxcapades/goop/v1/pkg/option/Uint64Option.go:114.2,114.26 1 1
github.com/Foxcapades/goop/v1/pkg/option/Uint64Option.go:105.20,107.3 1 1
github.com/Foxcapades/goop/v1/pkg/option/Uint64Option.go:110.16,112.3 1 1
github.com/Foxcapades/goop/v1/pkg/option/Uint64Option.go:120.59,121.20 1 2
github.com/Foxcapades/goop/v1/pkg/option/Uint64Option.go:125.2,125.30 1 1
github.com/Foxcapades/goop/v1/pkg/option/Uint64Option.go:121.20,123.3 1 1
github.com/Foxcapades/goop/v1/pkg/option/Uint64Option.go:131.63,132.20 1 3
github.com/Foxcapades/goop/v1/pkg/option/Uint64Option.go:136.2,136.35 1 2
github.com/Foxcapades/goop/v1/pkg/option/Uint64Option.go:132.20,134.3 1 1
github.com/Foxcapades/goop/v1/pkg/option/Uint64Option.go:145.72,146.20 1 3
github.com/Foxcapades/goop/v1/pkg/option/Uint64Option.go:150.2,151.16 2 2
github.com/Foxcapades/goop/v1/pkg/option/Uint64Option.go:155.2,155.26 1 1
github.com/Foxcapades/goop/v1/pkg/option/Uint64Option.go:146.20,148.3 1 1
github.com/Foxcapades/goop/v1/pkg/option/Uint64Option.go:151.16,153.3 1 1
github.com/Foxcapades/goop/v1/pkg/option/Uint64Option.go:161.59,162.20 1 2
github.com/Foxcapades/goop/v1/pkg/option/Uint64Option.go:166.2,166.30 1 1
github.com/Foxcapades/goop/v1/pkg/option/Uint64Option.go:162.20,164.3 1 1
github.com/Foxcapades/goop/v1/pkg/option/Uint64Option.go:172.63,173.20 1 3
github.com/Foxcapades/goop/v1/pkg/option/Uint64Option.go:177.2,177.35 1 2
github.com/Foxcapades/goop/v1/pkg/option/Uint64Option.go:173.20,175.3 1 1
github.com/Foxcapades/goop/v1/pkg/option/Uint64Option.go:186.90,187.20 1 3
github.com/Foxcapades/goop/v1/pkg/option/Uint64Option.go:191.2,192.16 2 2
github.com/Foxcapades/goop/v1/pkg/option/Uint64Option.go:196.2,196.32 1 1
github.com/Foxcapades/goop/v1/pkg/option/Uint64Option.go:187.20,189.3 1 1
github.com/Foxcapades/goop/v1/pkg/option/Uint64Option.go:192.16,194.3 1 1
github.com/Foxcapades/goop/v1/pkg/option/Uint64Option.go:202.77,203.20 1 2
github.com/Foxcapades/goop/v1/pkg/option/Uint64Option.go:207.2,207.36 1 1
github.com/Foxcapades/goop/v1/pkg/option/Uint64Option.go:203.20,205.3 1 1
github.com/Foxcapades/goop/v1/pkg/option/Uint64Option.go:213.81,214.20 1 3
github.com/Foxcapades/goop/v1/pkg/option/Uint64Option.go:218.2,218.41 1 2
github.com/Foxcapades/goop/v1/pkg/option/Uint64Option.go:214.20,216.3 1 1
github.com/Foxcapades/goop/v1/pkg/option/Uint64Option.go:227.87,228.20 1 3
github.com/Foxcapades/goop/v1/pkg/option/Uint64Option.go:232.2,233.16 2 2
github.com/Foxcapades/goop/v1/pkg/option/Uint64Option.go:237.2,237.31 1 1
github.com/Foxcapades/goop/v1/pkg/option/Uint64Option.go:228.20,230.3 1 1
github.com/Foxcapades/goop/v1/pkg/option/Uint64Option.go:233.16,235.3 1 1
github.com/Foxcapades/goop/v1/pkg/option/Uint64Option.go:243.74,244.20 1 2
github.com/Foxcapades/goop/v1/pkg/option/Uint64Option.go:248.2,248.35 1 1
github.com/Foxcapades/goop/v1/pkg/option/Uint64Option.go:244.20,246.3 1 1
github.com/Foxcapades/goop/v1/pkg/option/Uint64Option.go:254.78,255.20 1 3
github.com/Foxcapades/goop/v1/pkg/option/Uint64Option.go:259.2,259.40 1 2
github.com/Foxcapades/goop/v1/pkg/option/Uint64Option.go:255.20,257.3 1 1
github.com/Foxcapades/goop/v1/pkg/option/Uint64Option.go:268.81,269.20 1 3
github.com/Foxcapades/goop/v1/pkg/option/Uint64Option.go:273.2,274.16 2 2
github.com/Foxcapades/goop/v1/pkg/option/Uint64Option.go:278.2,278.29 1 1
github.com/Foxcapades/goop/v1/pkg/option/Uint64Option.go:269.20,271.3 1 1
github.com/Foxcapades/goop/v1/pkg/option/Uint64Option.go:274.16,276.3 1 1
github.com/Foxcapades/goop/v1/pkg/option/Uint64Option.go:284.68,285.20 1 2
github.com/Foxcapades/goop/v1/pkg/option/Uint64Option.go:289.2,289.33 1 1
github.com/Foxcapades/goop/v1/pkg/option/Uint64Option.go:285.20,287.3 1 1
github.com/Foxcapades/goop/v1/pkg/option/Uint64Option.go:295.72,296.20 1 3
github.com/Foxcapades/goop/v1/pkg/option/Uint64Option.go:300.2,300.38 1 2
github.com/Foxcapades/goop/v1/pkg/option/Uint64Option.go:296.20,298.3 1 1
github.com/Foxcapades/goop/v1/pkg/option/Uint64Option.go:309.81,310.20 1 3
github.com/Foxcapades/goop/v1/pkg/option/Uint64Option.go:314.2,315.16 2 2
github.com/Foxcapades/goop/v1/pkg/option/Uint64Option.go:319.2,319.29 1 1
github.com/Foxcapades/goop/v1/pkg/option/Uint64Option.go:310.20,312.3 1 1
github.com/Foxcapades/goop/v1/pkg/option/Uint64Option.go:315.16,317.3 1 1
github.com/Foxcapades/goop/v1/pkg/option/Uint64Option.go:325.68,326.20 1 2
github.com/Foxcapades/goop/v1/pkg/option/Uint64Option.go:330.2,330.33 1 1
github.com/Foxcapades/goop/v1/pkg/option/Uint64Option.go:326.20,328.3 1 1
github.com/Foxcapades/goop/v1/pkg/option/Uint64Option.go:336.72,337.20 1 3
github.com/Foxcapades/goop/v1/pkg/option/Uint64Option.go:341.2,341.38 1 2
github.com/Foxcapades/goop/v1/pkg/option/Uint64Option.go:337.20,339.3 1 1
github.com/Foxcapades/goop/v1/pkg/option/Uint64Option.go:350.69,351.20 1 3
github.com/Foxcapades/goop/v1/pkg/option/Uint64Option.go:355.2,356.16 2 2
github.com/Foxcapades/goop/v1/pkg/option/Uint64Option.go:360.2,360.25 1 1
github.com/Foxcapades/goop/v1/pkg/option/Uint64Option.go:351.20,353.3 1 1
github.com/Foxcapades/goop/v1/pkg/option/Uint64Option.go:356.16,358.3 1 1
github.com/Foxcapades/goop/v1/pkg/option/Uint64Option.go:366.56,367.20 1 2
github.com/Foxcapades/goop/v1/pkg/option/Uint64Option.go:371.2,371.29 1 1
github.com/Foxcapades/goop/v1/pkg/option/Uint64Option.go:367.20,369.3 1 1
github.com/Foxcapades/goop/v1/pkg/option/Uint64Option.go:377.60,378.20 1 3
github.com/Foxcapades/goop/v1/pkg/option/Uint64Option.go:382.2,382.34 1 2
github.com/Foxcapades/goop/v1/pkg/option/Uint64Option.go:378.20,380.3 1 1
github.com/Foxcapades/goop/v1/pkg/option/Uint64Option.go:391.75,392.20 1 3
github.com/Foxcapades/goop/v1/pkg/option/Uint64Option.go:396.2,397.16 2 2
github.com/Foxcapades/goop/v1/pkg/option/Uint64Option.go:401.2,401.27 1 1
github.com/Foxcapades/goop/v1/pkg/option/Uint64Option.go:392.20,394.3 1 1
github.com/Foxcapades/goop/v1/pkg/option/Uint64Option.go:397.16,399.3 1 1
github.com/Foxcapades/goop/v1/pkg/option/Uint64Option.go:407.62,408.20 1 2
github.com/Foxcapades/goop/v1/pkg/option/Uint64Option.go:412.2,412.31 1 1
github.com/Foxcapades/goop/v1/pkg/option/Uint64Option.go:408.20,410.3 1 1
github.com/Foxcapades/goop/v1/pkg/option/Uint64Option.go:418.66,419.20 1 3
github.com/Foxcapades/goop/v1/pkg/option/Uint64Option.go:423.2,423.36 1 2
github.com/Foxcapades/goop/v1/pkg/option/Uint64Option.go:419.20,421.3 1 1
github.com/Foxcapades/goop/v1/pkg/option/Uint64Option.go:432.75,433.20 1 3
github.com/Foxcapades/goop/v1/pkg/option/Uint64Option.go:437.2,438.16 2 2
github.com/Foxcapades/goop/v1/pkg/option/Uint64Option.go:442.2,442.27 1 1
github.com/Foxcapades/goop/v1/pkg/option/Uint64Option.go:433.20,435.3 1 1
github.com/Foxcapades/goop/v1/pkg/option/Uint64Option.go:438.16,440.3 1 1
github.com/Foxcapades/goop/v1/pkg/option/Uint64Option.go:448.62,449.20 1 2
github.com/Foxcapades/goop/v1/pkg/option/Uint64Option.go:453.2,453.31 1 1
github.com/Foxcapades/goop/v1/pkg/option/Uint64Option.go:449.20,451.3 1 1
github.com/Foxcapades/goop/v1/pkg/option/Uint64Option.go:459.66,460.20 1 3
github.com/Foxcapades/goop/v1/pkg/option/Uint64Option.go:464.2,464.36 1 2
github.com/Foxcapades/goop/v1/pkg/option/Uint64Option.go:460.20,462.3 1 1
github.com/Foxcapades/goop/v1/pkg/option/Uint64Option.go:473.75,474.20 1 3
github.com/Foxcapades/goop/v1/pkg/option/Uint64Option.go:478.2,479.16 2 2
github.com/Foxcapades/goop/v1/pkg/option/Uint64Option.go:483.2,483.27 1 1
github.com/Foxcapades/goop/v1/pkg/option/Uint64Option.go:474.20,476.3 1 1
github.com/Foxcapades/goop/v1/pkg/option/Uint64Option.go:479.16,481.3 1 1
github.com/Foxcapades/goop/v1/pkg/option/Uint64Option.go:489.62,490.20 1 2
github.com/Foxcapades/goop/v1/pkg/option/Uint64Option.go:494.2,494.31 1 1
github.com/Foxcapades/goop/v1/pkg/option/Uint64Option.go:490.20,492.3 1 1
github.com/Foxcapades/goop/v1/pkg/option/Uint64Option.go:500.66,501.20 1 3
github.com/Foxcapades/goop/v1/pkg/option/Uint64Option.go:505.2,505.36 1 2
github.com/Foxcapades/goop/v1/pkg/option/Uint64Option.go:501.20,503.3 1 1
github.com/Foxcapades/goop/v1/pkg/option/Uint64Option.go:514.72,515.20 1 3
github.com/Foxcapades/goop/v1/pkg/option/Uint64Option.go:519.2,520.16 2 2
github.com/Foxcapades/goop/v1/pkg/option/Uint64Option.go:524.2,524.26 1 1
github.com/Foxcapades/goop/v1/pkg/option/Uint64Option.go:515.20,517.3 1 1
github.com/Foxcapades/goop/v1/pkg/option/Uint64Option.go:520.16,522.3 1 1
github.com/Foxcapades/goop/v1/pkg/option/Uint64Option.go:530.59,531.20 1 2
github.com/Foxcapades/goop/v1/pkg/option/Uint64Option.go:535.2,535.30 1 1
github.com/Foxcapades/goop/v1/pkg/option/Uint64Option.go:531.20,533.3 1 1
github.com/Foxcapades/goop/v1/pkg/option/Uint64Option.go:541.63,542.20 1 3
github.com/Foxcapades/goop/v1/pkg/option/Uint64Option.go:546.2,546.35 1 2
github.com/Foxcapades/goop/v1/pkg/option/Uint64Option.go:542.20,544.3 1 1
github.com/Foxcapades/goop/v1/pkg/option/Uint64Option.go:558.85,559.20 1 3
github.com/Foxcapades/goop/v1/pkg/option/Uint64Option.go:563.2,564.16 2 2
github.com/Foxcapades/goop/v1/pkg/option/Uint64Option.go:568.2,568.16 1 1
github.com/Foxcapades/goop/v1/pkg/option/Uint64Option.go:572.2,572.29 1 1
github.com/Foxcapades/goop/v1/pkg/option/Uint64Option.go:559.20,561.3 1 1
github.com/Foxcapades/goop/v1/pkg/option/Uint64Option.go:564.16,566.3 1 1
github.com/Foxcapades/goop/v1/pkg/option/Uint64Option.go:568.16,570.3 1 0
github.com/Foxcapades/goop/v1/pkg/option/Uint64Option.go:581.72,582.20 1 2
github.com/Foxcapades/goop/v1/pkg/option/Uint64Option.go:586.2,588.16 2 1
github.com/Foxcapades/goop/v1/pkg/option/Uint64Option.go:592.2,592.24 1 1
github.com/Foxcapades/goop/v1/pkg/option/Uint64Option.go:582.20,584.3 1 1
github.com/Foxcapades/goop/v1/pkg/option/Uint64Option.go:588.16,590.3 1 0
github.com/Foxcapades/goop/v1/pkg/option/Uint64Option.go:598.76,599.20 1 3
github.com/Foxcapades/goop/v1/pkg/option/Uint64Option.go:603.2,603.38 1 2
github.com/Foxcapades/goop/v1/pkg/option/Uint64Option.go:599.20,601.3 1 1
github.com/Foxcapades/goop/v1/pkg/option/Uint64Option.go:612.72,613.20 1 3
github.com/Foxcapades/goop/v1/pkg/option/Uint64Option.go:617.2,618.16 2 2
github.com/Foxcapades/goop/v1/pkg/option/Uint64Option.go:622.2,622.26 1 1
github.com/Foxcapades/goop/v1/pkg/option/Uint64Option.go:613.20,615.3 1 1
github.com/Foxcapades/goop/v1/pkg/option/Uint64Option.go:618.16,620.3 1 1
github.com/Foxcapades/goop/v1/pkg/option/Uint64Option.go:628.59,629.20 1 2
github.com/Foxcapades/goop/v1/pkg/option/Uint64Option.go:633.2,633.30 1 1
github.com/Foxcapades/goop/v1/pkg/option/Uint64Option.go:629.20,631.3 1 1
github.com/Foxcapades/goop/v1/pkg/option/Uint64Option.go:639.63,640.20 1 3
github.com/Foxcapades/goop/v1/pkg/option/Uint64Option.go:644.2,644.35 1 2
github.com/Foxcapades/goop/v1/pkg/option/Uint64Option.go:640.20,642.3 1 1
github.com/Foxcapades/goop/v1/pkg/option/Uint64Option.go:653.78,654.20 1 3
github.com/Foxcapades/goop/v1/pkg/option/Uint64Option.go:658.2,659.16 2 2
github.com/Foxcapades/goop/v1/pkg/option/Uint64Option.go:663.2,663.28 1 1
github.com/Foxcapades/goop/v1/pkg/option/Uint64Option.go:654.20,656.3 1 1
github.com/Foxcapades/goop/v1/pkg/option/Uint64Option.go:659.16,661.3 1 1
github.com/Foxcapades/goop/v1/pkg/option/Uint64Option.go:669.65,670.20 1 2
github.com/Foxcapades/goop/v1/pkg/option/Uint64Option.go:674.2,674.32 1 1
github.com/Foxcapades/goop/v1/pkg/option/Uint64Option.go:670.20,672.3 1 1
github.com/Foxcapades/goop/v1/pkg/option/Uint64Option.go:680.69,681.20 1 3
github.com/Foxcapades/goop/v1/pkg/option/Uint64Option.go:685.2,685.37 1 2
github.com/Foxcapades/goop/v1/pkg/option/Uint64Option.go:681.20,683.3 1 1
github.com/Foxcapades/goop/v1/pkg/option/Uint64Option.go:694.72,695.20 1 3
github.com/Foxcapades/goop/v1/pkg/option/Uint64Option.go:699.2,700.16 2 2
github.com/Foxcapades/goop/v1/pkg/option/Uint64Option.go:704.2,704.26 1 1
github.com/Foxcapades/goop/v1/pkg/option/Uint64Option.go:695.20,697.3 1 1
github.com/Foxcapades/goop/v1/pkg/option/Uint64Option.go:700.16,702.3 1 1
github.com/Foxcapades/goop/v1/pkg/option/Uint64Option.go:710.59,711.20 1 2
github.com/Foxcapades/goop/v1/pkg/option/Uint64Option.go:715.2,715.30 1 1
github.com/Foxcapades/goop/v1/pkg/option/Uint64Option.go:711.20,713.3 1 1
github.com/Foxcapades/goop/v1/pkg/option/Uint64Option.go:721.63,722.20 1 3
github.com/Foxcapades/goop/v1/pkg/option/Uint64Option.go:726.2,726.35 1 2
github.com/Foxcapades/goop/v1/pkg/option/Uint64Option.go:722.20,724.3 1 1
github.com/Foxcapades/goop/v1/pkg/option/Uint64Option.go:735.78,736.20 1 3
github.com/Foxcapades/goop/v1/pkg/option/Uint64Option.go:740.2,741.16 2 2
github.com/Foxcapades/goop/v1/pkg/option/Uint64Option.go:745.2,745.28 1 1
github.com/Foxcapades/goop/v1/pkg/option/Uint64Option.go:736.20,738.3 1 1
github.com/Foxcapades/goop/v1/pkg/option/Uint64Option.go:741.16,743.3 1 1
github.com/Foxcapades/goop/v1/pkg/option/Uint64Option.go:751.65,752.20 1 2
github.com/Foxcapades/goop/v1/pkg/option/Uint64Option.go:756.2,756.32 1 1
github.com/Foxcapades/goop/v1/pkg/option/Uint64Option.go:752.20,754.3 1 1
github.com/Foxcapades/goop/v1/pkg/option/Uint64Option.go:762.69,763.20 1 3
github.com/Foxcapades/goop/v1/pkg/option/Uint64Option.go:767.2,767.37 1 2
github.com/Foxcapades/goop/v1/pkg/option/Uint64Option.go:763.20,765.3 1 1
github.com/Foxcapades/goop/v1/pkg/option/Uint64Option.go:776.78,777.20 1 3
github.com/Foxcapades/goop/v1/pkg/option/Uint64Option.go:781.2,782.16 2 2
github.com/Foxcapades/goop/v1/pkg/option/Uint64Option.go:786.2,786.28 1 1
github.com/Foxcapades/goop/v1/pkg/option/Uint64Option.go:777.20,779.3 1 1
github.com/Foxcapades/goop/v1/pkg/option/Uint64Option.go:782.16,784.3 1 1
github.com/Foxcapades/goop/v1/pkg/option/Uint64Option.go:792.65,793.20 1 2
github.com/Foxcapades/goop/v1/pkg/option/Uint64Option.go:797.2,797.32 1 1
github.com/Foxcapades/goop/v1/pkg/option/Uint64Option.go:793.20,795.3 1 1
github.com/Foxcapades/goop/v1/pkg/option/Uint64Option.go:803.69,804.20 1 3
github.com/Foxcapades/goop/v1/pkg/option/Uint64Option.go:808.2,808.37 1 2
github.com/Foxcapades/goop/v1/pkg/option/Uint64Option.go:804.20,806.3 1 1
github.com/Foxcapades/goop/v1/pkg/option/Uint64Option.go:817.75,818.20 1 3
github.com/Foxcapades/goop/v1/pkg/option/Uint64Option.go:822.2,823.16 2 2
github.com/Foxcapades/goop/v1/pkg/option/Uint64Option.go:827.2,827.27 1 1
github.com/Foxcapades/goop/v1/pkg/option/Uint64Option.go:818.20,820.3 1 1
github.com/Foxcapades/goop/v1/pkg/option/Uint64Option.go:823.16,825.3 1 1
github.com/Foxcapades/goop/v1/pkg/option/Uint64Option.go:833.62,834.20 1 2
github.com/Foxcapades/goop/v1/pkg/option/Uint64Option.go:838.2,838.31 1 1
github.com/Foxcapades/goop/v1/pkg/option/Uint64Option.go:834.20,836.3 1 1
github.com/Foxcapades/goop/v1/pkg/option/Uint64Option.go:844.66,845.20 1 3
github.com/Foxcapades/goop/v1/pkg/option/Uint64Option.go:849.2,849.36 1 2
github.com/Foxcapades/goop/v1/pkg/option/Uint64Option.go:845.20,847.3 1 1
github.com/Foxcapades/goop/v1/pkg/option/Uint64Option.go:855.63,856.20 1 3
github.com/Foxcapades/goop/v1/pkg/option/Uint64Option.go:860.2,860.37 1 2
github.com/Foxcapades/goop/v1/pkg/option/Uint64Option.go:856.20,858.3 1 1
github.com/Foxcapades/goop/v1/pkg/option/Uint32Option.go:6.35,8.2 1 133
github.com/Foxcapades/goop/v1/pkg/option/Uint32Option.go:18.41,21.17 2 40
github.com/Foxcapades/goop/v1/pkg/option/Uint32Option.go:26.2,26.12 1 40
github.com/Foxcapades/goop/v1/pkg/option/Uint32Option.go:21.17,24.3 2 20
github.com/Foxcapades/goop/v1/pkg/option/Uint32Option.go:30.30,32.2 1 133
github.com/Foxcapades/goop/v1/pkg/option/Uint32Option.go:43.30,45.2 1 96
github.com/Foxcapades/goop/v1/pkg/option/Uint32Option.go:48.34,50.2 1 5
github.com/Foxcapades/goop/v1/pkg/option/Uint32Option.go:54.39,55.20 1 2
github.com/Foxcapades/goop/v1/pkg/option/Uint32Option.go:59.2,59.17 1 1
github.com/Foxcapades/goop/v1/pkg/option/Uint32Option.go:55.20,57.3 1 1
github.com/Foxcapades/goop/v1/pkg/option/Uint32Option.go:64.48,65.20 1 2
github.com/Foxcapades/goop/v1/pkg/option/Uint32Option.go:69.2,69.17 1 1
github.com/Foxcapades/goop/v1/pkg/option/Uint32Option.go:65.20,67.3 1 1
github.com/Foxcapades/goop/v1/pkg/option/Uint32Option.go:74.59,75.20 1 2
github.com/Foxcapades/goop/v1/pkg/option/Uint32Option.go:79.2,79.17 1 1
github.com/Foxcapades/goop/v1/pkg/option/Uint32Option.go:75.20,76.14 1 1
github.com/Foxcapades/goop/v1/pkg/option/Uint32Option.go:84.56,85.20 1 56
github.com/Foxcapades/goop/v1/pkg/option/Uint32Option.go:89.2,89.17 1 55
github.com/Foxcapades/goop/v1/pkg/option/Uint32Option.go:85.20,86.13 1 1
github.com/Foxcapades/goop/v1/pkg/option/Uint32Option.go:94.30,96.2 1 56
github.com/Foxcapades/goop/v1/pkg/option/Uint32Option.go:104.72,105.20 1 3
github.com/Foxcapades/goop/v1/pkg/option/Uint32Option.go:109.2,110.16 2 2
github.com/Foxcapades/goop/v1/pkg/option/Uint32Option.go:114.2,114.26 1 1
github.com/Foxcapades/goop/v1/pkg/option/Uint32Option.go:105.20,107.3 1 1
github.com/Foxcapades/goop/v1/pkg/option/Uint32Option.go:110.16,112.3 1 1
github.com/Foxcapades/goop/v1/pkg/option/Uint32Option.go:120.59,121.20 1 2
github.com/Foxcapades/goop/v1/pkg/option/Uint32Option.go:125.2,125.30 1 1
github.com/Foxcapades/goop/v1/pkg/option/Uint32Option.go:121.20,123.3 1 1
github.com/Foxcapades/goop/v1/pkg/option/Uint32Option.go:131.63,132.20 1 3
github.com/Foxcapades/goop/v1/pkg/option/Uint32Option.go:136.2,136.35 1 2
github.com/Foxcapades/goop/v1/pkg/option/Uint32Option.go:132.20,134.3 1 1
github.com/Foxcapades/goop/v1/pkg/option/Uint32Option.go:145.72,146.20 1 3
github.com/Foxcapades/goop/v1/pkg/option/Uint32Option.go:150.2,151.16 2 2
github.com/Foxcapades/goop/v1/pkg/option/Uint32Option.go:155.2,155.26 1 1
github.com/Foxcapades/goop/v1/pkg/option/Uint32Option.go:146.20,148.3 1 1
github.com/Foxcapades/goop/v1/pkg/option/Uint32Option.go:151.16,153.3 1 1
github.com/Foxcapades/goop/v1/pkg/option/Uint32Option.go:161.59,162.20 1 2
github.com/Foxcapades/goop/v1/pkg/option/Uint32Option.go:166.2,166.30 1 1
github.com/Foxcapades/goop/v1/pkg/option/Uint32Option.go:162.20,164.3 1 1
github.com/Foxcapades/goop/v1/pkg/option/Uint32Option.go:172.63,173.20 1 3
github.com/Foxcapades/goop/v1/pkg/option/Uint32Option.go:177.2,177.35 1 2
github.com/Foxcapades/goop/v1/pkg/option/Uint32Option.go:173.20,175.3 1 1
github.com/Foxcapades/goop/v1/pkg/option/Uint32Option.go:186.90,187.20 1 3
github.com/Foxcapades/goop/v1/pkg/option/Uint32Option.go:191.2,192.16 2 2
github.com/Foxcapades/goop/v1/pkg/option/Uint32Option.go:196.2,196.32 1 1
github.com/Foxcapades/goop/v1/pkg/option/Uint32Option.go:187.20,189.3 1 1
github.com/Foxcapades/goop/v1/pkg/option/Uint32Option.go:192.16,194.3 1 1
github.com/Foxcapades/goop/v1/pkg/option/Uint32Option.go:202.77,203.20 1 2
github.com/Foxcapades/goop/v1/pkg/option/Uint32Option.go:207.2,207.36 1 1
github.com/Foxcapades/goop/v1/pkg/option/Uint32Option.go:203.20,205.3 1 1
github.com/Foxcapades/goop/v1/pkg/option/Uint32Option.go:213.81,214.20 1 3
github.com/Foxcapades/goop/v1/pkg/option/Uint32Option.go:218.2,218.41 1 2
github.com/Foxcapades/goop/v1/pkg/option/Uint32Option.go:214.20,216.3 1 1
github.com/Foxcapades/goop/v1/pkg/option/Uint32Option.go:227.87,228.20 1 3
github.com/Foxcapades/goop/v1/pkg/option/Uint32Option.go:232.2,233.16 2 2
github.com/Foxcapades/goop/v1/pkg/option/Uint32Option.go:237.2,237.31 1 1
github.com/Foxcapades/goop/v1/pkg/option/Uint32Option.go:228.20,230.3 1 1
github.com/Foxcapades/goop/v1/pkg/option/Uint32Option.go:233.16,235.3 1 1
github.com/Foxcapades/goop/v1/pkg/option/Uint32Option.go:243.74,244.20 1 2
github.com/Foxcapades/goop/v1/pkg/option/Uint32Option.go:248.2,248.35 1 1
github.com/Foxcapades/goop/v1/pkg/option/Uint32Option.go:244.20,246.3 1 1
github.com/Foxcapades/goop/v1/pkg/option/Uint32Option.go:254.78,255.20 1 3
github.com/Foxcapades/goop/v1/pkg/option/Uint32Option.go:259.2,259.40 1 2
github.com/Foxcapades/goop/v1/pkg/option/Uint32Option.go:255.20,257.3 1 1
github.com/Foxcapades/goop/v1/pkg/option/Uint32Option.go:268.81,269.20 1 3
github.com/Foxcapades/goop/v1/pkg/option/Uint32Option.go:273.2,274.16 2 2
github.com/Foxcapades/goop/v1/pkg/option/Uint32Option.go:278.2,278.29 1 1
github.com/Foxcapades/goop/v1/pkg/option/Uint32Option.go:269.20,271.3 1 1
github.com/Foxcapades/goop/v1/pkg/option/Uint32Option.go:274.16,276.3 1 1
github.com/Foxcapades/goop/v1/pkg/option/Uint32Option.go:284.68,285.20 1 2
github.com/Foxcapades/goop/v1/pkg/option/Uint32Option.go:289.2,289.33 1 1
github.com/Foxcapades/goop/v1/pkg/option/Uint32Option.go:285.20,287.3 1 1
github.com/Foxcapades/goop/v1/pkg/option/Uint32Option.go:295.72,296.20 1 3
github.com/Foxcapades/goop/v1/pkg/option/Uint32Option.go:300.2,300.38 1 2
github.com/Foxcapades/goop/v1/pkg/option/Uint32Option.go:296.20,298.3 1 1
github.com/Foxcapades/goop/v1/pkg/option/Uint32Option.go:309.81,310.20 1 3
github.com/Foxcapades/goop/v1/pkg/option/Uint32Option.go:314.2,315.16 2 2
github.com/Foxcapades/goop/v1/pkg/option/Uint32Option.go:319.2,319.29 1 1
github.com/Foxcapades/goop/v1/pkg/option/Uint32Option.go:310.20,312.3 1 1
github.com/Foxcapades/goop/v1/pkg/option/Uint32Option.go:315.16,317.3 1 1
github.com/Foxcapades/goop/v1/pkg/option/Uint32Option.go:325.68,326.20 1 2
github.com/Foxcapades/goop/v1/pkg/option/Uint32Option.go:330.2,330.33 1 1
github.com/Foxcapades/goop/v1/pkg/option/Uint32Option.go:326.20,328.3 1 1
github.com/Foxcapades/goop/v1/pkg/option/Uint32Option.go:336.72,337.20 1 3
github.com/Foxcapades/goop/v1/pkg/option/Uint32Option.go:341.2,341.38 1 2
github.com/Foxcapades/goop/v1/pkg/option/Uint32Option.go:337.20,339.3 1 1
github.com/Foxcapades/goop/v1/pkg/option/Uint32Option.go:350.69,351.20 1 3
github.com/Foxcapades/goop/v1/pkg/option/Uint32Option.go:355.2,356.16 2 2
github.com/Foxcapades/goop/v1/pkg/option/Uint32Option.go:360.2,360.25 1 1
github.com/Foxcapades/goop/v1/pkg/option/Uint32Option.go:351.20,353.3 1 1
github.com/Foxcapades/goop/v1/pkg/option/Uint32Option.go:356.16,358.3 1 1
github.com/Foxcapades/goop/v1/pkg/option/Uint32Option.go:366.56,367.20 1 2
github.com/Foxcapades/goop/v1/pkg/option/Uint32Option.go:371.2,371.29 1 1
github.com/Foxcapades/goop/v1/pkg/option/Uint32Option.go:367.20,369.3 1 1
github.com/Foxcapades/goop/v1/pkg/option/Uint32Option.go:377.60,378.20 1 3
github.com/Foxcapades/goop/v1/pkg/option/Uint32Option.go:382.2,382.34 1 2
github.com/Foxcapades/goop/v1/pkg/option/Uint32Option.go:378.20,380.3 1 1
github.com/Foxcapades/goop/v1/pkg/option/Uint32Option.go:391.75,392.20 1 3
github.com/Foxcapades/goop/v1/pkg/option/Uint32Option.go:396.2,397.16 2 2
github.com/Foxcapades/goop/v1/pkg/option/Uint32Option.go:401.2,401.27 1 1
github.com/Foxcapades/goop/v1/pkg/option/Uint32Option.go:392.20,394.3 1 1
github.com/Foxcapades/goop/v1/pkg/option/Uint32Option.go:397.16,399.3 1 1
github.com/Foxcapades/goop/v1/pkg/option/Uint32Option.go:407.62,408.20 1 2
github.com/Foxcapades/goop/v1/pkg/option/Uint32Option.go:412.2,412.31 1 1
github.com/Foxcapades/goop/v1/pkg/option/Uint32Option.go:408.20,410.3 1 1
github.com/Foxcapades/goop/v1/pkg/option/Uint32Option.go:418.66,419.20 1 3
github.com/Foxcapades/goop/v1/pkg/option/Uint32Option.go:423.2,423.36 1 2
github.com/Foxcapades/goop/v1/pkg/option/Uint32Option.go:419.20,421.3 1 1
github.com/Foxcapades/goop/v1/pkg/option/Uint32Option.go:432.75,433.20 1 3
github.com/Foxcapades/goop/v1/pkg/option/Uint32Option.go:437.2,438.16 2 2
github.com/Foxcapades/goop/v1/pkg/option/Uint32Option.go:442.2,442.27 1 1
github.com/Foxcapades/goop/v1/pkg/option/Uint32Option.go:433.20,435.3 1 1
github.com/Foxcapades/goop/v1/pkg/option/Uint32Option.go:438.16,440.3 1 1
github.com/Foxcapades/goop/v1/pkg/option/Uint32Option.go:448.62,449.20 1 2
github.com/Foxcapades/goop/v1/pkg/option/Uint32Option.go:453.2,453.31 1 1
github.com/Foxcapades/goop/v1/pkg/option/Uint32Option.go:449.20,451.3 1 1
github.com/Foxcapades/goop/v1/pkg/option/Uint32Option.go:459.66,460.20 1 3
github.com/Foxcapades/goop/v1/pkg/option/Uint32Option.go:464.2,464.36 1 2
github.com/Foxcapades/goop/v1/pkg/option/Uint32Option.go:460.20,462.3 1 1
github.com/Foxcapades/goop/v1/pkg/option/Uint32Option.go:473.75,474.20 1 3
github.com/Foxcapades/goop/v1/pkg/option/Uint32Option.go:478.2,479.16 2 2
github.com/Foxcapades/goop/v1/pkg/option/Uint32Option.go:483.2,483.27 1 1
github.com/Foxcapades/goop/v1/pkg/option/Uint32Option.go:474.20,476.3 1 1
github.com/Foxcapades/goop/v1/pkg/option/Uint32Option.go:479.16,481.3 1 1
github.com/Foxcapades/goop/v1/pkg/option/Uint32Option.go:489.62,490.20 1 2
github.com/Foxcapades/goop/v1/pkg/option/Uint32Option.go:494.2,494.31 1 1
github.com/Foxcapades/goop/v1/pkg/option/Uint32Option.go:490.20,492.3 1 1
github.com/Foxcapades/goop/v1/pkg/option/Uint32Option.go:500.66,501.20 1 3
github.com/Foxcapades/goop/v1/pkg/option/Uint32Option.go:505.2,505.36 1 2
github.com/Foxcapades/goop/v1/pkg/option/Uint32Option.go:501.20,503.3 1 1
github.com/Foxcapades/goop/v1/pkg/option/Uint32Option.go:514.72,515.20 1 3
github.com/Foxcapades/goop/v1/pkg/option/Uint32Option.go:519.2,520.16 2 2
github.com/Foxcapades/goop/v1/pkg/option/Uint32Option.go:524.2,524.26 1 1
github.com/Foxcapades/goop/v1/pkg/option/Uint32Option.go:515.20,517.3 1 1
github.com/Foxcapades/goop/v1/pkg/option/Uint32Option.go:520.16,522.3 1 1
github.com/Foxcapades/goop/v1/pkg/option/Uint32Option.go:530.59,531.20 1 2
github.com/Foxcapades/goop/v1/pkg/option/Uint32Option.go:535.2,535.30 1 1
github.com/Foxcapades/goop/v1/pkg/option/Uint32Option.go:531.20,533.3 1 1
github.com/Foxcapades/goop/v1/pkg/option/Uint32Option.go:541.63,542.20 1 3
github.com/Foxcapades/goop/v1/pkg/option/Uint32Option.go:546.2,546.35 1 2
github.com/Foxcapades/goop/v1/pkg/option/Uint32Option.go:542.20,544.3 1 1
github.com/Foxcapades/goop/v1/pkg/option/Uint32Option.go:558.85,559.20 1 3
github.com/Foxcapades/goop/v1/pkg/option/Uint32Option.go:563.2,564.16 2 2
github.com/Foxcapades/goop/v1/pkg/option/Uint32Option.go:568.2,568.16 1 1
github.com/Foxcapades/goop/v1/pkg/option/Uint32Option.go:572.2,572.29 1 1
github.com/Foxcapades/goop/v1/pkg/option/Uint32Option.go:559.20,561.3 1 1
github.com/Foxcapades/goop/v1/pkg/option/Uint32Option.go:564.16,566.3 1 1
github.com/Foxcapades/goop/v1/pkg/option/Uint32Option.go:568.16,570.3 1 0
github.com/Foxcapades/goop/v1/pkg/option/Uint32Option.go:581.72,582.20 1 2
github.com/Foxcapades/goop/v1/pkg/option/Uint32Option.go:586.2,588.16 2 1
github.com/Foxcapades/goop/v1/pkg/option/Uint32Option.go:592.2,592.24 1 1
github.com/Foxcapades/goop/v1/pkg/option/Uint32Option.go:582.20,584.3 1 1
github.com/Foxcapades/goop/v1/pkg/option/Uint32Option.go:588.16,590.3 1 0
github.com/Foxcapades/goop/v1/pkg/option/Uint32Option.go:598.76,599.20 1 3
github.com/Foxcapades/goop/v1/pkg/option/Uint32Option.go:603.2,603.38 1 2
github.com/Foxcapades/goop/v1/pkg/option/Uint32Option.go:599.20,601.3 1 1
github.com/Foxcapades/goop/v1/pkg/option/Uint32Option.go:612.72,613.20 1 3
github.com/Foxcapades/goop/v1/pkg/option/Uint32Option.go:617.2,618.16 2 2
github.com/Foxcapades/goop/v1/pkg/option/Uint32Option.go:622.2,622.26 1 1
github.com/Foxcapades/goop/v1/pkg/option/Uint32Option.go:613.20,615.3 1 1
github.com/Foxcapades/goop/v1/pkg/option/Uint32Option.go:618.16,620.3 1 1
github.com/Foxcapades/goop/v1/pkg/option/Uint32Option.go:628.59,629.20 1 2
github.com/Foxcapades/goop/v1/pkg/option/Uint32Option.go:633.2,633.30 1 1
github.com/Foxcapades/goop/v1/pkg/option/Uint32Option.go:629.20,631.3 1 1
github.com/Foxcapades/goop/v1/pkg/option/Uint32Option.go:639.63,640.20 1 3
github.com/Foxcapades/goop/v1/pkg/option/Uint32Option.go:644.2,644.35 1 2
github.com/Foxcapades/goop/v1/pkg/option/Uint32Option.go:640.20,642.3 1 1
github.com/Foxcapades/goop/v1/pkg/option/Uint32Option.go:653.78,654.20 1 3
github.com/Foxcapades/goop/v1/pkg/option/Uint32Option.go:658.2,659.16 2 2
github.com/Foxcapades/goop/v1/pkg/option/Uint32Option.go:663.2,663.28 1 1
github.com/Foxcapades/goop/v1/pkg/option/Uint32Option.go:654.20,656.3 1 1
github.com/Foxcapades/goop/v1/pkg/option/Uint32Option.go:659.16,661.3 1 1
github.com/Foxcapades/goop/v1/pkg/option/Uint32Option.go:669.65,670.20 1 2
github.com/Foxcapades/goop/v1/pkg/option/Uint32Option.go:674.2,674.32 1 1
github.com/Foxcapades/goop/v1/pkg/option/Uint32Option.go:670.20,672.3 1 1
github.com/Foxcapades/goop/v1/pkg/option/Uint32Option.go:680.69,681.20 1 3
github.com/Foxcapades/goop/v1/pkg/option/Uint32Option.go:685.2,685.37 1 2
github.com/Foxcapades/goop/v1/pkg/option/Uint32Option.go:681.20,683.3 1 1
github.com/Foxcapades/goop/v1/pkg/option/Uint32Option.go:694.72,695.20 1 3
github.com/Foxcapades/goop/v1/pkg/option/Uint32Option.go:699.2,700.16 2 2
github.com/Foxcapades/goop/v1/pkg/option/Uint32Option.go:704.2,704.26 1 1
github.com/Foxcapades/goop/v1/pkg/option/Uint32Option.go:695.20,697.3 1 1
github.com/Foxcapades/goop/v1/pkg/option/Uint32Option.go:700.16,702.3 1 1
github.com/Foxcapades/goop/v1/pkg/option/Uint32Option.go:710.59,711.20 1 2
github.com/Foxcapades/goop/v1/pkg/option/Uint32Option.go:715.2,715.30 1 1
github.com/Foxcapades/goop/v1/pkg/option/Uint32Option.go:711.20,713.3 1 1
github.com/Foxcapades/goop/v1/pkg/option/Uint32Option.go:721.63,722.20 1 3
github.com/Foxcapades/goop/v1/pkg/option/Uint32Option.go:726.2,726.35 1 2
github.com/Foxcapades/goop/v1/pkg/option/Uint32Option.go:722.20,724.3 1 1
github.com/Foxcapades/goop/v1/pkg/option/Uint32Option.go:735.78,736.20 1 3
github.com/Foxcapades/goop/v1/pkg/option/Uint32Option.go:740.2,741.16 2 2
github.com/Foxcapades/goop/v1/pkg/option/Uint32Option.go:745.2,745.28 1 1
github.com/Foxcapades/goop/v1/pkg/option/Uint32Option.go:736.20,738.3 1 1
github.com/Foxcapades/goop/v1/pkg/option/Uint32Option.go:741.16,743.3 1 1
github.com/Foxcapades/goop/v1/pkg/option/Uint32Option.go:751.65,752.20 1 2
github.com/Foxcapades/goop/v1/pkg/option/Uint32Option.go:756.2,756.32 1 1
github.com/Foxcapades/goop/v1/pkg/option/Uint32Option.go:752.20,754.3 1 1
github.com/Foxcapades/goop/v1/pkg/option/Uint32Option.go:762.69,763.20 1 3
github.com/Foxcapades/goop/v1/pkg/option/Uint32Option.go:767.2,767.37 1 2
github.com/Foxcapades/goop/v1/pkg/option/Uint32Option.go:763.20,765.3 1 1
github.com/Foxcapades/goop/v1/pkg/option/Uint32Option.go:776.78,777.20 1 3
github.com/Foxcapades/goop/v1/pkg/option/Uint32Option.go:781.2,782.16 2 2
github.com/Foxcapades/goop/v1/pkg/option/Uint32Option.go:786.2,786.28 1 1
github.com/Foxcapades/goop/v1/pkg/option/Uint32Option.go:777.20,779.3 1 1
github.com/Foxcapades/goop/v1/pkg/option/Uint32Option.go:782.16,784.3 1 1
github.com/Foxcapades/goop/v1/pkg/option/Uint32Option.go:792.65,793.20 1 2
github.com/Foxcapades/goop/v1/pkg/option/Uint32Option.go:797.2,797.32 1 1
github.com/Foxcapades/goop/v1/pkg/option/Uint32Option.go:793.20,795.3 1 1
github.com/Foxcapades/goop/v1/pkg/option/Uint32Option.go:803.69,804.20 1 3
github.com/Foxcapades/goop/v1/pkg/option/Uint32Option.go:808.2,808.37 1 2
github.com/Foxcapades/goop/v1/pkg/option/Uint32Option.go:804.20,806.3 1 1
github.com/Foxcapades/goop/v1/pkg/option/Uint32Option.go:817.75,818.20 1 3
github.com/Foxcapades/goop/v1/pkg/option/Uint32Option.go:822.2,823.16 2 2
github.com/Foxcapades/goop/v1/pkg/option/Uint32Option.go:827.2,827.27 1 1
github.com/Foxcapades/goop/v1/pkg/option/Uint32Option.go:818.20,820.3 1 1
github.com/Foxcapades/goop/v1/pkg/option/Uint32Option.go:823.16,825.3 1 1
github.com/Foxcapades/goop/v1/pkg/option/Uint32Option.go:833.62,834.20 1 2
github.com/Foxcapades/goop/v1/pkg/option/Uint32Option.go:838.2,838.31 1 1
github.com/Foxcapades/goop/v1/pkg/option/Uint32Option.go:834.20,836.3 1 1
github.com/Foxcapades/goop/v1/pkg/option/Uint32Option.go:844.66,845.20 1 3
github.com/Foxcapades/goop/v1/pkg/option/Uint32Option.go:849.2,849.36 1 2
github.com/Foxcapades/goop/v1/pkg/option/Uint32Option.go:845.20,847.3 1 1
github.com/Foxcapades/goop/v1/pkg/option/Uint32Option.go:855.63,856.20 1 3
github.com/Foxcapades/goop/v1/pkg/option/Uint32Option.go:860.2,860.37 1 2
github.com/Foxcapades/goop/v1/pkg/option/Uint32Option.go:856.20,858.3 1 1
github.com/Foxcapades/goop/v1/pkg/option/Complex128Option.go:6.47,8.2 1 133
github.com/Foxcapades/goop/v1/pkg/option/Complex128Option.go:18.53,21.17 2 40
github.com/Foxcapades/goop/v1/pkg/option/Complex128Option.go:26.2,26.12 1 40
github.com/Foxcapades/goop/v1/pkg/option/Complex128Option.go:21.17,24.3 2 20
github.com/Foxcapades/goop/v1/pkg/option/Complex128Option.go:30.38,32.2 1 133
github.com/Foxcapades/goop/v1/pkg/option/Complex128Option.go:43.34,45.2 1 96
github.com/Foxcapades/goop/v1/pkg/option/Complex128Option.go:48.38,50.2 1 5
github.com/Foxcapades/goop/v1/pkg/option/Complex128Option.go:54.51,55.20 1 2
github.com/Foxcapades/goop/v1/pkg/option/Complex128Option.go:59.2,59.17 1 1
github.com/Foxcapades/goop/v1/pkg/option/Complex128Option.go:55.20,57.3 1 1
github.com/Foxcapades/goop/v1/pkg/option/Complex128Option.go:64.60,65.20 1 2
github.com/Foxcapades/goop/v1/pkg/option/Complex128Option.go:69.2,69.17 1 1
github.com/Foxcapades/goop/v1/pkg/option/Complex128Option.go:65.20,67.3 1 1
github.com/Foxcapades/goop/v1/pkg/option/Complex128Option.go:74.67,75.20 1 2
github.com/Foxcapades/goop/v1/pkg/option/Complex128Option.go:79.2,79.17 1 1
github.com/Foxcapades/goop/v1/pkg/option/Complex128Option.go:75.20,76.14 1 1
github.com/Foxcapades/goop/v1/pkg/option/Complex128Option.go:84.64,85.20 1 56
github.com/Foxcapades/goop/v1/pkg/option/Complex128Option.go:89.2,89.17 1 55
github.com/Foxcapades/goop/v1/pkg/option/Complex128Option.go:85.20,86.13 1 1
github.com/Foxcapades/goop/v1/pkg/option/Complex128Option.go:94.38,96.2 1 56
github.com/Foxcapades/goop/v1/pkg/option/Complex128Option.go:104.80,105.20 1 3
github.com/Foxcapades/goop/v1/pkg/option/Complex128Option.go:109.2,110.16 2 2
github.com/Foxcapades/goop/v1/pkg/option/Complex128Option.go:114.2,114.26 1 1
github.com/Foxcapades/goop/v1/pkg/option/Complex128Option.go:105.20,107.3 1 1
github.com/Foxcapades/goop/v1/pkg/option/Complex128Option.go:110.16,112.3 1 1
github.com/Foxcapades/goop/v1/pkg/option/Complex128Option.go:120.67,121.20 1 2
github.com/Foxcapades/goop/v1/pkg/option/Complex128Option.go:125.2,125.30 1 1
github.com/Foxcapades/goop/v1/pkg/option/Complex128Option.go:121.20,123.3 1 1
github.com/Foxcapades/goop/v1/pkg/option/Complex128Option.go:131.71,132.20 1 3
github.com/Foxcapades/goop/v1/pkg/option/Complex128Option.go:136.2,136.35 1 2
github.com/Foxcapades/goop/v1/pkg/option/Complex128Option.go:132.20,134.3 1 1
github.com/Foxcapades/goop/v1/pkg/option/Complex128Option.go:145.80,146.20 1 3
github.com/Foxcapades/goop/v1/pkg/option/Complex128Option.go:150.2,151.16 2 2
github.com/Foxcapades/goop/v1/pkg/option/Complex128Option.go:155.2,155.26 1 1
github.com/Foxcapades/goop/v1/pkg/option/Complex128Option.go:146.20,148.3 1 1
github.com/Foxcapades/goop/v1/pkg/option/Complex128Option.go:151.16,153.3 1 1
github.com/Foxcapades/goop/v1/pkg/option/Complex128Option.go:161.67,162.20 1 2
github.com/Foxcapades/goop/v1/pkg/option/Complex128Option.go:166.2,166.30 1 1
github.com/Foxcapades/goop/v1/pkg/option/Complex128Option.go:162.20,164.3 1 1
github.com/Foxcapades/goop/v1/pkg/option/Complex128Option.go:172.71,173.20 1 3
github.com/Foxcapades/goop/v1/pkg/option/Complex128Option.go:177.2,177.35 1 2
github.com/Foxcapades/goop/v1/pkg/option/Complex128Option.go:173.20,175.3 1 1
github.com/Foxcapades/goop/v1/pkg/option/Complex128Option.go:186.95,187.20 1 3
github.com/Foxcapades/goop/v1/pkg/option/Complex128Option.go:191.2,192.16 2 2
github.com/Foxcapades/goop/v1/pkg/option/Complex128Option.go:196.2,196.31 1 1
github.com/Foxcapades/goop/v1/pkg/option/Complex128Option.go:187.20,189.3 1 1
github.com/Foxcapades/goop/v1/pkg/option/Complex128Option.go:192.16,194.3 1 1
github.com/Foxcapades/goop/v1/pkg/option/Complex128Option.go:202.82,203.20 1 2
github.com/Foxcapades/goop/v1/pkg/option/Complex128Option.go:207.2,207.35 1 1
github.com/Foxcapades/goop/v1/pkg/option/Complex128Option.go:203.20,205.3 1 1
github.com/Foxcapades/goop/v1/pkg/option/Complex128Option.go:213.86,214.20 1 3
github.com/Foxcapades/goop/v1/pkg/option/Complex128Option.go:218.2,218.40 1 2
github.com/Foxcapades/goop/v1/pkg/option/Complex128Option.go:214.20,216.3 1 1
github.com/Foxcapades/goop/v1/pkg/option/Complex128Option.go:227.89,228.20 1 3
github.com/Foxcapades/goop/v1/pkg/option/Complex128Option.go:232.2,233.16 2 2
github.com/Foxcapades/goop/v1/pkg/option/Complex128Option.go:237.2,237.29 1 1
github.com/Foxcapades/goop/v1/pkg/option/Complex128Option.go:228.20,230.3 1 1
github.com/Foxcapades/goop/v1/pkg/option/Complex128Option.go:233.16,235.3 1 1
github.com/Foxcapades/goop/v1/pkg/option/Complex128Option.go:243.76,244.20 1 2
github.com/Foxcapades/goop/v1/pkg/option/Complex128Option.go:248.2,248.33 1 1
github.com/Foxcapades/goop/v1/pkg/option/Complex128Option.go:244.20,246.3 1 1
github.com/Foxcapades/goop/v1/pkg/option/Complex128Option.go:254.80,255.20 1 3
github.com/Foxcapades/goop/v1/pkg/option/Complex128Option.go:259.2,259.38 1 2
github.com/Foxcapades/goop/v1/pkg/option/Complex128Option.go:255.20,257.3 1 1
github.com/Foxcapades/goop/v1/pkg/option/Complex128Option.go:268.89,269.20 1 3
github.com/Foxcapades/goop/v1/pkg/option/Complex128Option.go:273.2,274.16 2 2
github.com/Foxcapades/goop/v1/pkg/option/Complex128Option.go:278.2,278.29 1 1
github.com/Foxcapades/goop/v1/pkg/option/Complex128Option.go:269.20,271.3 1 1
github.com/Foxcapades/goop/v1/pkg/option/Complex128Option.go:274.16,276.3 1 1
github.com/Foxcapades/goop/v1/pkg/option/Complex128Option.go:284.76,285.20 1 2
github.com/Foxcapades/goop/v1/pkg/option/Complex128Option.go:289.2,289.33 1 1
github.com/Foxcapades/goop/v1/pkg/option/Complex128Option.go:285.20,287.3 1 1
github.com/Foxcapades/goop/v1/pkg/option/Complex128Option.go:295.80,296.20 1 3
github.com/Foxcapades/goop/v1/pkg/option/Complex128Option.go:300.2,300.38 1 2
github.com/Foxcapades/goop/v1/pkg/option/Complex128Option.go:296.20,298.3 1 1
github.com/Foxcapades/goop/v1/pkg/option/Complex128Option.go:309.77,310.20 1 3
github.com/Foxcapades/goop/v1/pkg/option/Complex128Option.go:314.2,315.16 2 2
github.com/Foxcapades/goop/v1/pkg/option/Complex128Option.go:319.2,319.25 1 1
github.com/Foxcapades/goop/v1/pkg/option/Complex128Option.go:310.20,312.3 1 1
github.com/Foxcapades/goop/v1/pkg/option/Complex128Option.go:315.16,317.3 1 1
github.com/Foxcapades/goop/v1/pkg/option/Complex128Option.go:325.64,326.20 1 2
github.com/Foxcapades/goop/v1/pkg/option/Complex128Option.go:330.2,330.29 1 1
github.com/Foxcapades/goop/v1/pkg/option/Complex128Option.go:326.20,328.3 1 1
github.com/Foxcapades/goop/v1/pkg/option/Complex128Option.go:336.68,337.20 1 3
github.com/Foxcapades/goop/v1/pkg/option/Complex128Option.go:341.2,341.34 1 2
github.com/Foxcapades/goop/v1/pkg/option/Complex128Option.go:337.20,339.3 1 1
github.com/Foxcapades/goop/v1/pkg/option/Complex128Option.go:350.83,351.20 1 3
github.com/Foxcapades/goop/v1/pkg/option/Complex128Option.go:355.2,356.16 2 2
github.com/Foxcapades/goop/v1/pkg/option/Complex128Option.go:360.2,360.27 1 1
github.com/Foxcapades/goop/v1/pkg/option/Complex128Option.go:351.20,353.3 1 1
github.com/Foxcapades/goop/v1/pkg/option/Complex128Option.go:356.16,358.3 1 1
github.com/Foxcapades/goop/v1/pkg/option/Complex128Option.go:366.70,367.20 1 2
github.com/Foxcapades/goop/v1/pkg/option/Complex128Option.go:371.2,371.31 1 1
github.com/Foxcapades/goop/v1/pkg/option/Complex128Option.go:367.20,369.3 1 1
github.com/Foxcapades/goop/v1/pkg/option/Complex128Option.go:377.74,378.20 1 3
github.com/Foxcapades/goop/v1/pkg/option/Complex128Option.go:382.2,382.36 1 2
github.com/Foxcapades/goop/v1/pkg/option/Complex128Option.go:378.20,380.3 1 1
github.com/Foxcapades/goop/v1/pkg/option/Complex128Option.go:391.83,392.20 1 3
github.com/Foxcapades/goop/v1/pkg/option/Complex128Option.go:396.2,397.16 2 2
github.com/Foxcapades/goop/v1/pkg/option/Complex128Option.go:401.2,401.27 1 1
github.com/Foxcapades/goop/v1/pkg/option/Complex128Option.go:392.20,394.3 1 1
github.com/Foxcapades/goop/v1/pkg/option/Complex128Option.go:397.16,399.3 1 1
github.com/Foxcapades/goop/v1/pkg/option/Complex128Option.go:407.70,408.20 1 2
github.com/Foxcapades/goop/v1/pkg/option/Complex128Option.go:412.2,412.31 1 1
github.com/Foxcapades/goop/v1/pkg/option/Complex128Option.go:408.20,410.3 1 1
github.com/Foxcapades/goop/v1/pkg/option/Complex128Option.go:418.74,419.20 1 3
github.com/Foxcapades/goop/v1/pkg/option/Complex128Option.go:423.2,423.36 1 2
github.com/Foxcapades/goop/v1/pkg/option/Complex128Option.go:419.20,421.3 1 1
github.com/Foxcapades/goop/v1/pkg/option/Complex128Option.go:432.83,433.20 1 3
github.com/Foxcapades/goop/v1/pkg/option/Complex128Option.go:437.2,438.16 2 2
github.com/Foxcapades/goop/v1/pkg/option/Complex128Option.go:442.2,442.27 1 1
github.com/Foxcapades/goop/v1/pkg/option/Complex128Option.go:433.20,435.3 1 1
github.com/Foxcapades/goop/v1/pkg/option/Complex128Option.go:438.16,440.3 1 1
github.com/Foxcapades/goop/v1/pkg/option/Complex128Option.go:448.70,449.20 1 2
github.com/Foxcapades/goop/v1/pkg/option/Complex128Option.go:453.2,453.31 1 1
github.com/Foxcapades/goop/v1/pkg/option/Complex128Option.go:449.20,451.3 1 1
github.com/Foxcapades/goop/v1/pkg/option/Complex128Option.go:459.74,460.20 1 3
github.com/Foxcapades/goop/v1/pkg/option/Complex128Option.go:464.2,464.36 1 2
github.com/Foxcapades/goop/v1/pkg/option/Complex128Option.go:460.20,462.3 1 1
github.com/Foxcapades/goop/v1/pkg/option/Complex128Option.go:473.80,474.20 1 3
github.com/Foxcapades/goop/v1/pkg/option/Complex128Option.go:478.2,479.16 2 2
github.com/Foxcapades/goop/v1/pkg/option/Complex128Option.go:483.2,483.26 1 1
github.com/Foxcapades/goop/v1/pkg/option/Complex128Option.go:474.20,476.3 1 1
github.com/Foxcapades/goop/v1/pkg/option/Complex128Option.go:479.16,481.3 1 1
github.com/Foxcapades/goop/v1/pkg/option/Complex128Option.go:489.67,490.20 1 2
github.com/Foxcapades/goop/v1/pkg/option/Complex128Option.go:494.2,494.30 1 1
github.com/Foxcapades/goop/v1/pkg/option/Complex128Option.go:490.20,492.3 1 1
github.com/Foxcapades/goop/v1/pkg/option/Complex128Option.go:500.71,501.20 1 3
github.com/Foxcapades/goop/v1/pkg/option/Complex128Option.go:505.2,505.35 1 2
github.com/Foxcapades/goop/v1/pkg/option/Complex128Option.go:501.20,503.3 1 1
github.com/Foxcapades/goop/v1/pkg/option/Complex128Option.go:517.93,518.20 1 3
github.com/Foxcapades/goop/v1/pkg/option/Complex128Option.go:522.2,523.16 2 2
github.com/Foxcapades/goop/v1/pkg/option/Complex128Option.go:527.2,527.16 1 1
github.com/Foxcapades/goop/v1/pkg/option/Complex128Option.go:531.2,531.29 1 1
github.com/Foxcapades/goop/v1/pkg/option/Complex128Option.go:518.20,520.3 1 1
github.com/Foxcapades/goop/v1/pkg/option/Complex128Option.go:523.16,525.3 1 1
github.com/Foxcapades/goop/v1/pkg/option/Complex128Option.go:527.16,529.3 1 0
github.com/Foxcapades/goop/v1/pkg/option/Complex128Option.go:540.80,541.20 1 2
github.com/Foxcapades/goop/v1/pkg/option/Complex128Option.go:545.2,547.16 2 1
github.com/Foxcapades/goop/v1/pkg/option/Complex128Option.go:551.2,551.24 1 1
github.com/Foxcapades/goop/v1/pkg/option/Complex128Option.go:541.20,543.3 1 1
github.com/Foxcapades/goop/v1/pkg/option/Complex128Option.go:547.16,549.3 1 0
github.com/Foxcapades/goop/v1/pkg/option/Complex128Option.go:557.84,558.20 1 3
github.com/Foxcapades/goop/v1/pkg/option/Complex128Option.go:562.2,562.38 1 2
github.com/Foxcapades/goop/v1/pkg/option/Complex128Option.go:558.20,560.3 1 1
github.com/Foxcapades/goop/v1/pkg/option/Complex128Option.go:571.80,572.20 1 3
github.com/Foxcapades/goop/v1/pkg/option/Complex128Option.go:576.2,577.16 2 2
github.com/Foxcapades/goop/v1/pkg/option/Complex128Option.go:581.2,581.26 1 1
github.com/Foxcapades/goop/v1/pkg/option/Complex128Option.go:572.20,574.3 1 1
github.com/Foxcapades/goop/v1/pkg/option/Complex128Option.go:577.16,579.3 1 1
github.com/Foxcapades/goop/v1/pkg/option/Complex128Option.go:587.67,588.20 1 2
github.com/Foxcapades/goop/v1/pkg/option/Complex128Option.go:592.2,592.30 1 1
github.com/Foxcapades/goop/v1/pkg/option/Complex128Option.go:588.20,590.3 1 1
github.com/Foxcapades/goop/v1/pkg/option/Complex128Option.go:598.71,599.20 1 3
github.com/Foxcapades/goop/v1/pkg/option/Complex128Option.go:603.2,603.35 1 2
github.com/Foxcapades/goop/v1/pkg/option/Complex128Option.go:599.20,601.3 1 1
github.com/Foxcapades/goop/v1/pkg/option/Complex128Option.go:612.86,613.20 1 3
github.com/Foxcapades/goop/v1/pkg/option/Complex128Option.go:617.2,618.16 2 2
github.com/Foxcapades/goop/v1/pkg/option/Complex128Option.go:622.2,622.28 1 1
github.com/Foxcapades/goop/v1/pkg/option/Complex128Option.go:613.20,615.3 1 1
github.com/Foxcapades/goop/v1/pkg/option/Complex128Option.go:618.16,620.3 1 1
github.com/Foxcapades/goop/v1/pkg/option/Complex128Option.go:628.73,629.20 1 2
github.com/Foxcapades/goop/v1/pkg/option/Complex128Option.go:633.2,633.32 1 1
github.com/Foxcapades/goop/v1/pkg/option/Complex128Option.go:629.20,631.3 1 1
github.com/Foxcapades/goop/v1/pkg/option/Complex128Option.go:639.77,640.20 1 3
github.com/Foxcapades/goop/v1/pkg/option/Complex128Option.go:644.2,644.37 1 2
github.com/Foxcapades/goop/v1/pkg/option/Complex128Option.go:640.20,642.3 1 1
github.com/Foxcapades/goop/v1/pkg/option/Complex128Option.go:653.80,654.20 1 3
github.com/Foxcapades/goop/v1/pkg/option/Complex128Option.go:658.2,659.16 2 2
github.com/Foxcapades/goop/v1/pkg/option/Complex128Option.go:663.2,663.26 1 1
github.com/Foxcapades/goop/v1/pkg/option/Complex128Option.go:654.20,656.3 1 1
github.com/Foxcapades/goop/v1/pkg/option/Complex128Option.go:659.16,661.3 1 1
github.com/Foxcapades/goop/v1/pkg/option/Complex128Option.go:669.67,670.20 1 2
github.com/Foxcapades/goop/v1/pkg/option/Complex128Option.go:674.2,674.30 1 1
github.com/Foxcapades/goop/v1/pkg/option/Complex128Option.go:670.20,672.3 1 1
github.com/Foxcapades/goop/v1/pkg/option/Complex128Option.go:680.71,681.20 1 3
github.com/Foxcapades/goop/v1/pkg/option/Complex128Option.go:685.2,685.35 1 2
github.com/Foxcapades/goop/v1/pkg/option/Complex128Option.go:681.20,683.3 1 1
github.com/Foxcapades/goop/v1/pkg/option/Complex128Option.go:694.86,695.20 1 3
github.com/Foxcapades/goop/v1/pkg/option/Complex128Option.go:699.2,700.16 2 2
github.com/Foxcapades/goop/v1/pkg/option/Complex128Option.go:704.2,704.28 1 1
github.com/Foxcapades/goop/v1/pkg/option/Complex128Option.go:695.20,697.3 1 1
github.com/Foxcapades/goop/v1/pkg/option/Complex128Option.go:700.16,702.3 1 1
github.com/Foxcapades/goop/v1/pkg/option/Complex128Option.go:710.73,711.20 1 2
github.com/Foxcapades/goop/v1/pkg/option/Complex128Option.go:715.2,715.32 1 1
github.com/Foxcapades/goop/v1/pkg/option/Complex128Option.go:711.20,713.3 1 1
github.com/Foxcapades/goop/v1/pkg/option/Complex128Option.go:721.77,722.20 1 3
github.com/Foxcapades/goop/v1/pkg/option/Complex128Option.go:726.2,726.37 1 2
github.com/Foxcapades/goop/v1/pkg/option/Complex128Option.go:722.20,724.3 1 1
github.com/Foxcapades/goop/v1/pkg/option/Complex128Option.go:735.86,736.20 1 3
github.com/Foxcapades/goop/v1/pkg/option/Complex128Option.go:740.2,741.16 2 2
github.com/Foxcapades/goop/v1/pkg/option/Complex128Option.go:745.2,745.28 1 1
github.com/Foxcapades/goop/v1/pkg/option/Complex128Option.go:736.20,738.3 1 1
github.com/Foxcapades/goop/v1/pkg/option/Complex128Option.go:741.16,743.3 1 1
github.com/Foxcapades/goop/v1/pkg/option/Complex128Option.go:751.73,752.20 1 2
github.com/Foxcapades/goop/v1/pkg/option/Complex128Option.go:756.2,756.32 1 1
github.com/Foxcapades/goop/v1/pkg/option/Complex128Option.go:752.20,754.3 1 1
github.com/Foxcapades/goop/v1/pkg/option/Complex128Option.go:762.77,763.20 1 3
github.com/Foxcapades/goop/v1/pkg/option/Complex128Option.go:767.2,767.37 1 2
github.com/Foxcapades/goop/v1/pkg/option/Complex128Option.go:763.20,765.3 1 1
github.com/Foxcapades/goop/v1/pkg/option/Complex128Option.go:776.86,777.20 1 3
github.com/Foxcapades/goop/v1/pkg/option/Complex128Option.go:781.2,782.16 2 2
github.com/Foxcapades/goop/v1/pkg/option/Complex128Option.go:786.2,786.28 1 1
github.com/Foxcapades/goop/v1/pkg/option/Complex128Option.go:777.20,779.3 1 1
github.com/Foxcapades/goop/v1/pkg/option/Complex128Option.go:782.16,784.3 1 1
github.com/Foxcapades/goop/v1/pkg/option/Complex128Option.go:792.73,793.20 1 2
github.com/Foxcapades/goop/v1/pkg/option/Complex128Option.go:797.2,797.32 1 1
github.com/Foxcapades/goop/v1/pkg/option/Complex128Option.go:793.20,795.3 1 1
github.com/Foxcapades/goop/v1/pkg/option/Complex128Option.go:803.77,804.20 1 3
github.com/Foxcapades/goop/v1/pkg/option/Complex128Option.go:808.2,808.37 1 2
github.com/Foxcapades/goop/v1/pkg/option/Complex128Option.go:804.20,806.3 1 1
github.com/Foxcapades/goop/v1/pkg/option/Complex128Option.go:817.83,818.20 1 3
github.com/Foxcapades/goop/v1/pkg/option/Complex128Option.go:822.2,823.16 2 2
github.com/Foxcapades/goop/v1/pkg/option/Complex128Option.go:827.2,827.27 1 1
github.com/Foxcapades/goop/v1/pkg/option/Complex128Option.go:818.20,820.3 1 1
github.com/Foxcapades/goop/v1/pkg/option/Complex128Option.go:823.16,825.3 1 1
github.com/Foxcapades/goop/v1/pkg/option/Complex128Option.go:833.70,834.20 1 2
github.com/Foxcapades/goop/v1/pkg/option/Complex128Option.go:838.2,838.31 1 1
github.com/Foxcapades/goop/v1/pkg/option/Complex128Option.go:834.20,836.3 1 1
github.com/Foxcapades/goop/v1/pkg/option/Complex128Option.go:844.74,845.20 1 3
github.com/Foxcapades/goop/v1/pkg/option/Complex128Option.go:849.2,849.36 1 2
github.com/Foxcapades/goop/v1/pkg/option/Complex128Option.go:845.20,847.3 1 1
github.com/Foxcapades/goop/v1/pkg/option/Complex128Option.go:855.79,856.20 1 3
github.com/Foxcapades/goop/v1/pkg/option/Complex128Option.go:860.2,860.41 1 2
github.com/Foxcapades/goop/v1/pkg/option/Complex128Option.go:856.20,858.3 1 1
github.com/Foxcapades/goop/v1/pkg/option/Int16Option.go:6.32,8.2 1 133
github.com/Foxcapades/goop/v1/pkg/option/Int16Option.go:18.38,21.17 2 40
github.com/Foxcapades/goop/v1/pkg/option/Int16Option.go:26.2,26.12 1 40
github.com/Foxcapades/goop/v1/pkg/option/Int16Option.go:21.17,24.3 2 20
github.com/Foxcapades/goop/v1/pkg/option/Int16Option.go:30.28,32.2 1 133
github.com/Foxcapades/goop/v1/pkg/option/Int16Option.go:43.29,45.2 1 96
github.com/Foxcapades/goop/v1/pkg/option/Int16Option.go:48.33,50.2 1 5
github.com/Foxcapades/goop/v1/pkg/option/Int16Option.go:54.36,55.20 1 2
github.com/Foxcapades/goop/v1/pkg/option/Int16Option.go:59.2,59.17 1 1
github.com/Foxcapades/goop/v1/pkg/option/Int16Option.go:55.20,57.3 1 1
github.com/Foxcapades/goop/v1/pkg/option/Int16Option.go:64.45,65.20 1 2
github.com/Foxcapades/goop/v1/pkg/option/Int16Option.go:69.2,69.17 1 1
github.com/Foxcapades/goop/v1/pkg/option/Int16Option.go:65.20,67.3 1 1
github.com/Foxcapades/goop/v1/pkg/option/Int16Option.go:74.57,75.20 1 2
github.com/Foxcapades/goop/v1/pkg/option/Int16Option.go:79.2,79.17 1 1
github.com/Foxcapades/goop/v1/pkg/option/Int16Option.go:75.20,76.14 1 1
github.com/Foxcapades/goop/v1/pkg/option/Int16Option.go:84.54,85.20 1 56
github.com/Foxcapades/goop/v1/pkg/option/Int16Option.go:89.2,89.17 1 55
github.com/Foxcapades/goop/v1/pkg/option/Int16Option.go:85.20,86.13 1 1
github.com/Foxcapades/goop/v1/pkg/option/Int16Option.go:94.28,96.2 1 56
github.com/Foxcapades/goop/v1/pkg/option/Int16Option.go:104.70,105.20 1 3
github.com/Foxcapades/goop/v1/pkg/option/Int16Option.go:109.2,110.16 2 2
github.com/Foxcapades/goop/v1/pkg/option/Int16Option.go:114.2,114.26 1 1
github.com/Foxcapades/goop/v1/pkg/option/Int16Option.go:105.20,107.3 1 1
github.com/Foxcapades/goop/v1/pkg/option/Int16Option.go:110.16,112.3 1 1
github.com/Foxcapades/goop/v1/pkg/option/Int16Option.go:120.57,121.20 1 2
github.com/Foxcapades/goop/v1/pkg/option/Int16Option.go:125.2,125.30 1 1
github.com/Foxcapades/goop/v1/pkg/option/Int16Option.go:121.20,123.3 1 1
github.com/Foxcapades/goop/v1/pkg/option/Int16Option.go:131.61,132.20 1 3
github.com/Foxcapades/goop/v1/pkg/option/Int16Option.go:136.2,136.35 1 2
github.com/Foxcapades/goop/v1/pkg/option/Int16Option.go:132.20,134.3 1 1
github.com/Foxcapades/goop/v1/pkg/option/Int16Option.go:145.70,146.20 1 3
github.com/Foxcapades/goop/v1/pkg/option/Int16Option.go:150.2,151.16 2 2
github.com/Foxcapades/goop/v1/pkg/option/Int16Option.go:155.2,155.26 1 1
github.com/Foxcapades/goop/v1/pkg/option/Int16Option.go:146.20,148.3 1 1
github.com/Foxcapades/goop/v1/pkg/option/Int16Option.go:151.16,153.3 1 1
github.com/Foxcapades/goop/v1/pkg/option/Int16Option.go:161.57,162.20 1 2
github.com/Foxcapades/goop/v1/pkg/option/Int16Option.go:166.2,166.30 1 1
github.com/Foxcapades/goop/v1/pkg/option/Int16Option.go:162.20,164.3 1 1
github.com/Foxcapades/goop/v1/pkg/option/Int16Option.go:172.61,173.20 1 3
github.com/Foxcapades/goop/v1/pkg/option/Int16Option.go:177.2,177.35 1 2
github.com/Foxcapades/goop/v1/pkg/option/Int16Option.go:173.20,175.3 1 1
github.com/Foxcapades/goop/v1/pkg/option/Int16Option.go:186.88,187.20 1 3
github.com/Foxcapades/goop/v1/pkg/option/Int16Option.go:191.2,192.16 2 2
github.com/Foxcapades/goop/v1/pkg/option/Int16Option.go:196.2,196.32 1 1
github.com/Foxcapades/goop/v1/pkg/option/Int16Option.go:187.20,189.3 1 1
github.com/Foxcapades/goop/v1/pkg/option/Int16Option.go:192.16,194.3 1 1
github.com/Foxcapades/goop/v1/pkg/option/Int16Option.go:202.75,203.20 1 2
github.com/Foxcapades/goop/v1/pkg/option/Int16Option.go:207.2,207.36 1 1
github.com/Foxcapades/goop/v1/pkg/option/Int16Option.go:203.20,205.3 1 1
github.com/Foxcapades/goop/v1/pkg/option/Int16Option.go:213.79,214.20 1 3
github.com/Foxcapades/goop/v1/pkg/option/Int16Option.go:218.2,218.41 1 2
github.com/Foxcapades/goop/v1/pkg/option/Int16Option.go:214.20,216.3 1 1
github.com/Foxcapades/goop/v1/pkg/option/Int16Option.go:227.85,228.20 1 3
github.com/Foxcapades/goop/v1/pkg/option/Int16Option.go:232.2,233.16 2 2
github.com/Foxcapades/goop/v1/pkg/option/Int16Option.go:237.2,237.31 1 1
github.com/Foxcapades/goop/v1/pkg/option/Int16Option.go:228.20,230.3 1 1
github.com/Foxcapades/goop/v1/pkg/option/Int16Option.go:233.16,235.3 1 1
github.com/Foxcapades/goop/v1/pkg/option/Int16Option.go:243.72,244.20 1 2
github.com/Foxcapades/goop/v1/pkg/option/Int16Option.go:248.2,248.35 1 1
github.com/Foxcapades/goop/v1/pkg/option/Int16Option.go:244.20,246.3 1 1
github.com/Foxcapades/goop/v1/pkg/option/Int16Option.go:254.76,255.20 1 3
github.com/Foxcapades/goop/v1/pkg/option/Int16Option.go:259.2,259.40 1 2
github.com/Foxcapades/goop/v1/pkg/option/Int16Option.go:255.20,257.3 1 1
github.com/Foxcapades/goop/v1/pkg/option/Int16Option.go:268.79,269.20 1 3
github.com/Foxcapades/goop/v1/pkg/option/Int16Option.go:273.2,274.16 2 2
github.com/Foxcapades/goop/v1/pkg/option/Int16Option.go:278.2,278.29 1 1
github.com/Foxcapades/goop/v1/pkg/option/Int16Option.go:269.20,271.3 1 1
github.com/Foxcapades/goop/v1/pkg/option/Int16Option.go:274.16,276.3 1 1
github.com/Foxcapades/goop/v1/pkg/option/Int16Option.go:284.66,285.20 1 2
github.com/Foxcapades/goop/v1/pkg/option/Int16Option.go:289.2,289.33 1 1
github.com/Foxcapades/goop/v1/pkg/option/Int16Option.go:285.20,287.3 1 1
github.com/Foxcapades/goop/v1/pkg/option/Int16Option.go:295.70,296.20 1 3
github.com/Foxcapades/goop/v1/pkg/option/Int16Option.go:300.2,300.38 1 2
github.com/Foxcapades/goop/v1/pkg/option/Int16Option.go:296.20,298.3 1 1
github.com/Foxcapades/goop/v1/pkg/option/Int16Option.go:309.79,310.20 1 3
github.com/Foxcapades/goop/v1/pkg/option/Int16Option.go:314.2,315.16 2 2
github.com/Foxcapades/goop/v1/pkg/option/Int16Option.go:319.2,319.29 1 1
github.com/Foxcapades/goop/v1/pkg/option/Int16Option.go:310.20,312.3 1 1
github.com/Foxcapades/goop/v1/pkg/option/Int16Option.go:315.16,317.3 1 1
github.com/Foxcapades/goop/v1/pkg/option/Int16Option.go:325.66,326.20 1 2
github.com/Foxcapades/goop/v1/pkg/option/Int16Option.go:330.2,330.33 1 1
github.com/Foxcapades/goop/v1/pkg/option/Int16Option.go:326.20,328.3 1 1
github.com/Foxcapades/goop/v1/pkg/option/Int16Option.go:336.70,337.20 1 3
github.com/Foxcapades/goop/v1/pkg/option/Int16Option.go:341.2,341.38 1 2
github.com/Foxcapades/goop/v1/pkg/option/Int16Option.go:337.20,339.3 1 1
github.com/Foxcapades/goop/v1/pkg/option/Int16Option.go:350.67,351.20 1 3
github.com/Foxcapades/goop/v1/pkg/option/Int16Option.go:355.2,356.16 2 2
github.com/Foxcapades/goop/v1/pkg/option/Int16Option.go:360.2,360.25 1 1
github.com/Foxcapades/goop/v1/pkg/option/Int16Option.go:351.20,353.3 1 1
github.com/Foxcapades/goop/v1/pkg/option/Int16Option.go:356.16,358.3 1 1
github.com/Foxcapades/goop/v1/pkg/option/Int16Option.go:366.54,367.20 1 2
github.com/Foxcapades/goop/v1/pkg/option/Int16Option.go:371.2,371.29 1 1
github.com/Foxcapades/goop/v1/pkg/option/Int16Option.go:367.20,369.3 1 1
github.com/Foxcapades/goop/v1/pkg/option/Int16Option.go:377.58,378.20 1 3
github.com/Foxcapades/goop/v1/pkg/option/Int16Option.go:382.2,382.34 1 2
github.com/Foxcapades/goop/v1/pkg/option/Int16Option.go:378.20,380.3 1 1
github.com/Foxcapades/goop/v1/pkg/option/Int16Option.go:391.73,392.20 1 3
github.com/Foxcapades/goop/v1/pkg/option/Int16Option.go:396.2,397.16 2 2
github.com/Foxcapades/goop/v1/pkg/option/Int16Option.go:401.2,401.27 1 1
github.com/Foxcapades/goop/v1/pkg/option/Int16Option.go:392.20,394.3 1 1
github.com/Foxcapades/goop/v1/pkg/option/Int16Option.go:397.16,399.3 1 1
github.com/Foxcapades/goop/v1/pkg/option/Int16Option.go:407.60,408.20 1 2
github.com/Foxcapades/goop/v1/pkg/option/Int16Option.go:412.2,412.31 1 1
github.com/Foxcapades/goop/v1/pkg/option/Int16Option.go:408.20,410.3 1 1
github.com/Foxcapades/goop/v1/pkg/option/Int16Option.go:418.64,419.20 1 3
github.com/Foxcapades/goop/v1/pkg/option/Int16Option.go:423.2,423.36 1 2
github.com/Foxcapades/goop/v1/pkg/option/Int16Option.go:419.20,421.3 1 1
github.com/Foxcapades/goop/v1/pkg/option/Int16Option.go:432.73,433.20 1 3
github.com/Foxcapades/goop/v1/pkg/option/Int16Option.go:437.2,438.16 2 2
github.com/Foxcapades/goop/v1/pkg/option/Int16Option.go:442.2,442.27 1 1
github.com/Foxcapades/goop/v1/pkg/option/Int16Option.go:433.20,435.3 1 1
github.com/Foxcapades/goop/v1/pkg/option/Int16Option.go:438.16,440.3 1 1
github.com/Foxcapades/goop/v1/pkg/option/Int16Option.go:448.60,449.20 1 2
github.com/Foxcapades/goop/v1/pkg/option/Int16Option.go:453.2,453.31 1 1
github.com/Foxcapades/goop/v1/pkg/option/Int16Option.go:449.20,451.3 1 1
github.com/Foxcapades/goop/v1/pkg/option/Int16Option.go:459.64,460.20 1 3
github.com/Foxcapades/goop/v1/pkg/option/Int16Option.go:464.2,464.36 1 2
github.com/Foxcapades/goop/v1/pkg/option/Int16Option.go:460.20,462.3 1 1
github.com/Foxcapades/goop/v1/pkg/option/Int16Option.go:473.70,474.20 1 3
github.com/Foxcapades/goop/v1/pkg/option/Int16Option.go:478.2,479.16 2 2
github.com/Foxcapades/goop/v1/pkg/option/Int16Option.go:483.2,483.26 1 1
github.com/Foxcapades/goop/v1/pkg/option/Int16Option.go:474.20,476.3 1 1
github.com/Foxcapades/goop/v1/pkg/option/Int16Option.go:479.16,481.3 1 1
github.com/Foxcapades/goop/v1/pkg/option/Int16Option.go:489.57,490.20 1 2
github.com/Foxcapades/goop/v1/pkg/option/Int16Option.go:494.2,494.30 1 1
github.com/Foxcapades/goop/v1/pkg/option/Int16Option.go:490.20,492.3 1 1
github.com/Foxcapades/goop/v1/pkg/option/Int16Option.go:500.61,501.20 1 3
github.com/Foxcapades/goop/v1/pkg/option/Int16Option.go:505.2,505.35 1 2
github.com/Foxcapades/goop/v1/pkg/option/Int16Option.go:501.20,503.3 1 1
github.com/Foxcapades/goop/v1/pkg/option/Int16Option.go:517.83,518.20 1 3
github.com/Foxcapades/goop/v1/pkg/option/Int16Option.go:522.2,523.16 2 2
github.com/Foxcapades/goop/v1/pkg/option/Int16Option.go:527.2,527.16 1 1
github.com/Foxcapades/goop/v1/pkg/option/Int16Option.go:531.2,531.29 1 1
github.com/Foxcapades/goop/v1/pkg/option/Int16Option.go:518.20,520.3 1 1
github.com/Foxcapades/goop/v1/pkg/option/Int16Option.go:523.16,525.3 1 1
github.com/Foxcapades/goop/v1/pkg/option/Int16Option.go:527.16,529.3 1 0
github.com/Foxcapades/goop/v1/pkg/option/Int16Option.go:540.70,541.20 1 2
github.com/Foxcapades/goop/v1/pkg/option/Int16Option.go:545.2,547.16 2 1
github.com/Foxcapades/goop/v1/pkg/option/Int16Option.go:551.2,551.24 1 1
github.com/Foxcapades/goop/v1/pkg/option/Int16Option.go:541.20,543.3 1 1
github.com/Foxcapades/goop/v1/pkg/option/Int16Option.go:547.16,549.3 1 0
github.com/Foxcapades/goop/v1/pkg/option/Int16Option.go:557.74,558.20 1 3
github.com/Foxcapades/goop/v1/pkg/option/Int16Option.go:562.2,562.38 1 2
github.com/Foxcapades/goop/v1/pkg/option/Int16Option.go:558.20,560.3 1 1
github.com/Foxcapades/goop/v1/pkg/option/Int16Option.go:571.70,572.20 1 3
github.com/Foxcapades/goop/v1/pkg/option/Int16Option.go:576.2,577.16 2 2
github.com/Foxcapades/goop/v1/pkg/option/Int16Option.go:581.2,581.26 1 1
github.com/Foxcapades/goop/v1/pkg/option/Int16Option.go:572.20,574.3 1 1
github.com/Foxcapades/goop/v1/pkg/option/Int16Option.go:577.16,579.3 1 1
github.com/Foxcapades/goop/v1/pkg/option/Int16Option.go:587.57,588.20 1 2
github.com/Foxcapades/goop/v1/pkg/option/Int16Option.go:592.2,592.30 1 1
github.com/Foxcapades/goop/v1/pkg/option/Int16Option.go:588.20,590.3 1 1
github.com/Foxcapades/goop/v1/pkg/option/Int16Option.go:598.61,599.20 1 3
github.com/Foxcapades/goop/v1/pkg/option/Int16Option.go:603.2,603.35 1 2
github.com/Foxcapades/goop/v1/pkg/option/Int16Option.go:599.20,601.3 1 1
github.com/Foxcapades/goop/v1/pkg/option/Int16Option.go:612.76,613.20 1 3
github.com/Foxcapades/goop/v1/pkg/option/Int16Option.go:617.2,618.16 2 2
github.com/Foxcapades/goop/v1/pkg/option/Int16Option.go:622.2,622.28 1 1
github.com/Foxcapades/goop/v1/pkg/option/Int16Option.go:613.20,615.3 1 1
github.com/Foxcapades/goop/v1/pkg/option/Int16Option.go:618.16,620.3 1 1
github.com/Foxcapades/goop/v1/pkg/option/Int16Option.go:628.63,629.20 1 2
github.com/Foxcapades/goop/v1/pkg/option/Int16Option.go:633.2,633.32 1 1
github.com/Foxcapades/goop/v1/pkg/option/Int16Option.go:629.20,631.3 1 1
github.com/Foxcapades/goop/v1/pkg/option/Int16Option.go:639.67,640.20 1 3
github.com/Foxcapades/goop/v1/pkg/option/Int16Option.go:644.2,644.37 1 2
github.com/Foxcapades/goop/v1/pkg/option/Int16Option.go:640.20,642.3 1 1
github.com/Foxcapades/goop/v1/pkg/option/Int16Option.go:653.70,654.20 1 3
github.com/Foxcapades/goop/v1/pkg/option/Int16Option.go:658.2,659.16 2 2
github.com/Foxcapades/goop/v1/pkg/option/Int16Option.go:663.2,663.26 1 1
github.com/Foxcapades/goop/v1/pkg/option/Int16Option.go:654.20,656.3 1 1
github.com/Foxcapades/goop/v1/pkg/option/Int16Option.go:659.16,661.3 1 1
github.com/Foxcapades/goop/v1/pkg/option/Int16Option.go:669.57,670.20 1 2
github.com/Foxcapades/goop/v1/pkg/option/Int16Option.go:674.2,674.30 1 1
github.com/Foxcapades/goop/v1/pkg/option/Int16Option.go:670.20,672.3 1 1
github.com/Foxcapades/goop/v1/pkg/option/Int16Option.go:680.61,681.20 1 3
github.com/Foxcapades/goop/v1/pkg/option/Int16Option.go:685.2,685.35 1 2
github.com/Foxcapades/goop/v1/pkg/option/Int16Option.go:681.20,683.3 1 1
github.com/Foxcapades/goop/v1/pkg/option/Int16Option.go:694.76,695.20 1 3
github.com/Foxcapades/goop/v1/pkg/option/Int16Option.go:699.2,700.16 2 2
github.com/Foxcapades/goop/v1/pkg/option/Int16Option.go:704.2,704.28 1 1
github.com/Foxcapades/goop/v1/pkg/option/Int16Option.go:695.20,697.3 1 1
github.com/Foxcapades/goop/v1/pkg/option/Int16Option.go:700.16,702.3 1 1
github.com/Foxcapades/goop/v1/pkg/option/Int16Option.go:710.63,711.20 1 2
github.com/Foxcapades/goop/v1/pkg/option/Int16Option.go:715.2,715.32 1 1
github.com/Foxcapades/goop/v1/pkg/option/Int16Option.go:711.20,713.3 1 1
github.com/Foxcapades/goop/v1/pkg/option/Int16Option.go:721.67,722.20 1 3
github.com/Foxcapades/goop/v1/pkg/option/Int16Option.go:726.2,726.37 1 2
github.com/Foxcapades/goop/v1/pkg/option/Int16Option.go:722.20,724.3 1 1
github.com/Foxcapades/goop/v1/pkg/option/Int16Option.go:735.76,736.20 1 3
github.com/Foxcapades/goop/v1/pkg/option/Int16Option.go:740.2,741.16 2 2
github.com/Foxcapades/goop/v1/pkg/option/Int16Option.go:745.2,745.28 1 1
github.com/Foxcapades/goop/v1/pkg/option/Int16Option.go:736.20,738.3 1 1
github.com/Foxcapades/goop/v1/pkg/option/Int16Option.go:741.16,743.3 1 1
github.com/Foxcapades/goop/v1/pkg/option/Int16Option.go:751.63,752.20 1 2
github.com/Foxcapades/goop/v1/pkg/option/Int16Option.go:756.2,756.32 1 1
github.com/Foxcapades/goop/v1/pkg/option/Int16Option.go:752.20,754.3 1 1
github.com/Foxcapades/goop/v1/pkg/option/Int16Option.go:762.67,763.20 1 3
github.com/Foxcapades/goop/v1/pkg/option/Int16Option.go:767.2,767.37 1 2
github.com/Foxcapades/goop/v1/pkg/option/Int16Option.go:763.20,765.3 1 1
github.com/Foxcapades/goop/v1/pkg/option/Int16Option.go:776.76,777.20 1 3
github.com/Foxcapades/goop/v1/pkg/option/Int16Option.go:781.2,782.16 2 2
github.com/Foxcapades/goop/v1/pkg/option/Int16Option.go:786.2,786.28 1 1
github.com/Foxcapades/goop/v1/pkg/option/Int16Option.go:777.20,779.3 1 1
github.com/Foxcapades/goop/v1/pkg/option/Int16Option.go:782.16,784.3 1 1
github.com/Foxcapades/goop/v1/pkg/option/Int16Option.go:792.63,793.20 1 2
github.com/Foxcapades/goop/v1/pkg/option/Int16Option.go:797.2,797.32 1 1
github.com/Foxcapades/goop/v1/pkg/option/Int16Option.go:793.20,795.3 1 1
github.com/Foxcapades/goop/v1/pkg/option/Int16Option.go:803.67,804.20 1 3
github.com/Foxcapades/goop/v1/pkg/option/Int16Option.go:808.2,808.37 1 2
github.com/Foxcapades/goop/v1/pkg/option/Int16Option.go:804.20,806.3 1 1
github.com/Foxcapades/goop/v1/pkg/option/Int16Option.go:817.73,818.20 1 3
github.com/Foxcapades/goop/v1/pkg/option/Int16Option.go:822.2,823.16 2 2
github.com/Foxcapades/goop/v1/pkg/option/Int16Option.go:827.2,827.27 1 1
github.com/Foxcapades/goop/v1/pkg/option/Int16Option.go:818.20,820.3 1 1
github.com/Foxcapades/goop/v1/pkg/option/Int16Option.go:823.16,825.3 1 1
github.com/Foxcapades/goop/v1/pkg/option/Int16Option.go:833.60,834.20 1 2
github.com/Foxcapades/goop/v1/pkg/option/Int16Option.go:838.2,838.31 1 1
github.com/Foxcapades/goop/v1/pkg/option/Int16Option.go:834.20,836.3 1 1
github.com/Foxcapades/goop/v1/pkg/option/Int16Option.go:844.64,845.20 1 3
github.com/Foxcapades/goop/v1/pkg/option/Int16Option.go:849.2,849.36 1 2
github.com/Foxcapades/goop/v1/pkg/option/Int16Option.go:845.20,847.3 1 1
github.com/Foxcapades/goop/v1/pkg/option/Int16Option.go:855.59,856.20 1 3
github.com/Foxcapades/goop/v1/pkg/option/Int16Option.go:860.2,860.36 1 2
github.com/Foxcapades/goop/v1/pkg/option/Int16Option.go:856.20,858.3 1 1
github.com/Foxcapades/goop/v1/pkg/option/Int64Option.go:6.32,8.2 1 133
github.com/Foxcapades/goop/v1/pkg/option/Int64Option.go:18.38,21.17 2 40
github.com/Foxcapades/goop/v1/pkg/option/Int64Option.go:26.2,26.12 1 40
github.com/Foxcapades/goop/v1/pkg/option/Int64Option.go:21.17,24.3 2 20
github.com/Foxcapades/goop/v1/pkg/option/Int64Option.go:30.28,32.2 1 133
github.com/Foxcapades/goop/v1/pkg/option/Int64Option.go:43.29,45.2 1 96
github.com/Foxcapades/goop/v1/pkg/option/Int64Option.go:48.33,50.2 1 5
github.com/Foxcapades/goop/v1/pkg/option/Int64Option.go:54.36,55.20 1 2
github.com/Foxcapades/goop/v1/pkg/option/Int64Option.go:59.2,59.17 1 1
github.com/Foxcapades/goop/v1/pkg/option/Int64Option.go:55.20,57.3 1 1
github.com/Foxcapades/goop/v1/pkg/option/Int64Option.go:64.45,65.20 1 2
github.com/Foxcapades/goop/v1/pkg/option/Int64Option.go:69.2,69.17 1 1
github.com/Foxcapades/goop/v1/pkg/option/Int64Option.go:65.20,67.3 1 1
github.com/Foxcapades/goop/v1/pkg/option/Int64Option.go:74.57,75.20 1 2
github.com/Foxcapades/goop/v1/pkg/option/Int64Option.go:79.2,79.17 1 1
github.com/Foxcapades/goop/v1/pkg/option/Int64Option.go:75.20,76.14 1 1
github.com/Foxcapades/goop/v1/pkg/option/Int64Option.go:84.54,85.20 1 56
github.com/Foxcapades/goop/v1/pkg/option/Int64Option.go:89.2,89.17 1 55
github.com/Foxcapades/goop/v1/pkg/option/Int64Option.go:85.20,86.13 1 1
github.com/Foxcapades/goop/v1/pkg/option/Int64Option.go:94.28,96.2 1 56
github.com/Foxcapades/goop/v1/pkg/option/Int64Option.go:104.70,105.20 1 3
github.com/Foxcapades/goop/v1/pkg/option/Int64Option.go:109.2,110.16 2 2
github.com/Foxcapades/goop/v1/pkg/option/Int64Option.go:114.2,114.26 1 1
github.com/Foxcapades/goop/v1/pkg/option/Int64Option.go:105.20,107.3 1 1
github.com/Foxcapades/goop/v1/pkg/option/Int64Option.go:110.16,112.3 1 1
github.com/Foxcapades/goop/v1/pkg/option/Int64Option.go:120.57,121.20 1 2
github.com/Foxcapades/goop/v1/pkg/option/Int64Option.go:125.2,125.30 1 1
github.com/Foxcapades/goop/v1/pkg/option/Int64Option.go:121.20,123.3 1 1
github.com/Foxcapades/goop/v1/pkg/option/Int64Option.go:131.61,132.20 1 3
github.com/Foxcapades/goop/v1/pkg/option/Int64Option.go:136.2,136.35 1 2
github.com/Foxcapades/goop/v1/pkg/option/Int64Option.go:132.20,134.3 1 1
github.com/Foxcapades/goop/v1/pkg/option/Int64Option.go:145.70,146.20 1 3
github.com/Foxcapades/goop/v1/pkg/option/Int64Option.go:150.2,151.16 2 2
github.com/Foxcapades/goop/v1/pkg/option/Int64Option.go:155.2,155.26 1 1
github.com/Foxcapades/goop/v1/pkg/option/Int64Option.go:146.20,148.3 1 1
github.com/Foxcapades/goop/v1/pkg/option/Int64Option.go:151.16,153.3 1 1
github.com/Foxcapades/goop/v1/pkg/option/Int64Option.go:161.57,162.20 1 2
github.com/Foxcapades/goop/v1/pkg/option/Int64Option.go:166.2,166.30 1 1
github.com/Foxcapades/goop/v1/pkg/option/Int64Option.go:162.20,164.3 1 1
github.com/Foxcapades/goop/v1/pkg/option/Int64Option.go:172.61,173.20 1 3
github.com/Foxcapades/goop/v1/pkg/option/Int64Option.go:177.2,177.35 1 2
github.com/Foxcapades/goop/v1/pkg/option/Int64Option.go:173.20,175.3 1 1
github.com/Foxcapades/goop/v1/pkg/option/Int64Option.go:186.88,187.20 1 3
github.com/Foxcapades/goop/v1/pkg/option/Int64Option.go:191.2,192.16 2 2
github.com/Foxcapades/goop/v1/pkg/option/Int64Option.go:196.2,196.32 1 1
github.com/Foxcapades/goop/v1/pkg/option/Int64Option.go:187.20,189.3 1 1
github.com/Foxcapades/goop/v1/pkg/option/Int64Option.go:192.16,194.3 1 1
github.com/Foxcapades/goop/v1/pkg/option/Int64Option.go:202.75,203.20 1 2
github.com/Foxcapades/goop/v1/pkg/option/Int64Option.go:207.2,207.36 1 1
github.com/Foxcapades/goop/v1/pkg/option/Int64Option.go:203.20,205.3 1 1
github.com/Foxcapades/goop/v1/pkg/option/Int64Option.go:213.79,214.20 1 3
github.com/Foxcapades/goop/v1/pkg/option/Int64Option.go:218.2,218.41 1 2
github.com/Foxcapades/goop/v1/pkg/option/Int64Option.go:214.20,216.3 1 1
github.com/Foxcapades/goop/v1/pkg/option/Int64Option.go:227.85,228.20 1 3
github.com/Foxcapades/goop/v1/pkg/option/Int64Option.go:232.2,233.16 2 2
github.com/Foxcapades/goop/v1/pkg/option/Int64Option.go:237.2,237.31 1 1
github.com/Foxcapades/goop/v1/pkg/option/Int64Option.go:228.20,230.3 1 1
github.com/Foxcapades/goop/v1/pkg/option/Int64Option.go:233.16,235.3 1 1
github.com/Foxcapades/goop/v1/pkg/option/Int64Option.go:243.72,244.20 1 2
github.com/Foxcapades/goop/v1/pkg/option/Int64Option.go:248.2,248.35 1 1
github.com/Foxcapades/goop/v1/pkg/option/Int64Option.go:244.20,246.3 1 1
github.com/Foxcapades/goop/v1/pkg/option/Int64Option.go:254.76,255.20 1 3
github.com/Foxcapades/goop/v1/pkg/option/Int64Option.go:259.2,259.40 1 2
github.com/Foxcapades/goop/v1/pkg/option/Int64Option.go:255.20,257.3 1 1
github.com/Foxcapades/goop/v1/pkg/option/Int64Option.go:268.79,269.20 1 3
github.com/Foxcapades/goop/v1/pkg/option/Int64Option.go:273.2,274.16 2 2
github.com/Foxcapades/goop/v1/pkg/option/Int64Option.go:278.2,278.29 1 1
github.com/Foxcapades/goop/v1/pkg/option/Int64Option.go:269.20,271.3 1 1
github.com/Foxcapades/goop/v1/pkg/option/Int64Option.go:274.16,276.3 1 1
github.com/Foxcapades/goop/v1/pkg/option/Int64Option.go:284.66,285.20 1 2
github.com/Foxcapades/goop/v1/pkg/option/Int64Option.go:289.2,289.33 1 1
github.com/Foxcapades/goop/v1/pkg/option/Int64Option.go:285.20,287.3 1 1
github.com/Foxcapades/goop/v1/pkg/option/Int64Option.go:295.70,296.20 1 3
github.com/Foxcapades/goop/v1/pkg/option/Int64Option.go:300.2,300.38 1 2
github.com/Foxcapades/goop/v1/pkg/option/Int64Option.go:296.20,298.3 1 1
github.com/Foxcapades/goop/v1/pkg/option/Int64Option.go:309.79,310.20 1 3
github.com/Foxcapades/goop/v1/pkg/option/Int64Option.go:314.2,315.16 2 2
github.com/Foxcapades/goop/v1/pkg/option/Int64Option.go:319.2,319.29 1 1
github.com/Foxcapades/goop/v1/pkg/option/Int64Option.go:310.20,312.3 1 1
github.com/Foxcapades/goop/v1/pkg/option/Int64Option.go:315.16,317.3 1 1
github.com/Foxcapades/goop/v1/pkg/option/Int64Option.go:325.66,326.20 1 2
github.com/Foxcapades/goop/v1/pkg/option/Int64Option.go:330.2,330.33 1 1
github.com/Foxcapades/goop/v1/pkg/option/Int64Option.go:326.20,328.3 1 1
github.com/Foxcapades/goop/v1/pkg/option/Int64Option.go:336.70,337.20 1 3
github.com/Foxcapades/goop/v1/pkg/option/Int64Option.go:341.2,341.38 1 2
github.com/Foxcapades/goop/v1/pkg/option/Int64Option.go:337.20,339.3 1 1
github.com/Foxcapades/goop/v1/pkg/option/Int64Option.go:350.67,351.20 1 3
github.com/Foxcapades/goop/v1/pkg/option/Int64Option.go:355.2,356.16 2 2
github.com/Foxcapades/goop/v1/pkg/option/Int64Option.go:360.2,360.25 1 1
github.com/Foxcapades/goop/v1/pkg/option/Int64Option.go:351.20,353.3 1 1
github.com/Foxcapades/goop/v1/pkg/option/Int64Option.go:356.16,358.3 1 1
github.com/Foxcapades/goop/v1/pkg/option/Int64Option.go:366.54,367.20 1 2
github.com/Foxcapades/goop/v1/pkg/option/Int64Option.go:371.2,371.29 1 1
github.com/Foxcapades/goop/v1/pkg/option/Int64Option.go:367.20,369.3 1 1
github.com/Foxcapades/goop/v1/pkg/option/Int64Option.go:377.58,378.20 1 3
github.com/Foxcapades/goop/v1/pkg/option/Int64Option.go:382.2,382.34 1 2
github.com/Foxcapades/goop/v1/pkg/option/Int64Option.go:378.20,380.3 1 1
github.com/Foxcapades/goop/v1/pkg/option/Int64Option.go:391.73,392.20 1 3
github.com/Foxcapades/goop/v1/pkg/option/Int64Option.go:396.2,397.16 2 2
github.com/Foxcapades/goop/v1/pkg/option/Int64Option.go:401.2,401.27 1 1
github.com/Foxcapades/goop/v1/pkg/option/Int64Option.go:392.20,394.3 1 1
github.com/Foxcapades/goop/v1/pkg/option/Int64Option.go:397.16,399.3 1 1
github.com/Foxcapades/goop/v1/pkg/option/Int64Option.go:407.60,408.20 1 2
github.com/Foxcapades/goop/v1/pkg/option/Int64Option.go:412.2,412.31 1 1
github.com/Foxcapades/goop/v1/pkg/option/Int64Option.go:408.20,410.3 1 1
github.com/Foxcapades/goop/v1/pkg/option/Int64Option.go:418.64,419.20 1 3
github.com/Foxcapades/goop/v1/pkg/option/Int64Option.go:423.2,423.36 1 2
github.com/Foxcapades/goop/v1/pkg/option/Int64Option.go:419.20,421.3 1 1
github.com/Foxcapades/goop/v1/pkg/option/Int64Option.go:432.73,433.20 1 3
github.com/Foxcapades/goop/v1/pkg/option/Int64Option.go:437.2,438.16 2 2
github.com/Foxcapades/goop/v1/pkg/option/Int64Option.go:442.2,442.27 1 1
github.com/Foxcapades/goop/v1/pkg/option/Int64Option.go:433.20,435.3 1 1
github.com/Foxcapades/goop/v1/pkg/option/Int64Option.go:438.16,440.3 1 1
github.com/Foxcapades/goop/v1/pkg/option/Int64Option.go:448.60,449.20 1 2
github.com/Foxcapades/goop/v1/pkg/option/Int64Option.go:453.2,453.31 1 1
github.com/Foxcapades/goop/v1/pkg/option/Int64Option.go:449.20,451.3 1 1
github.com/Foxcapades/goop/v1/pkg/option/Int64Option.go:459.64,460.20 1 3
github.com/Foxcapades/goop/v1/pkg/option/Int64Option.go:464.2,464.36 1 2
github.com/Foxcapades/goop/v1/pkg/option/Int64Option.go:460.20,462.3 1 1
github.com/Foxcapades/goop/v1/pkg/option/Int64Option.go:473.70,474.20 1 3
github.com/Foxcapades/goop/v1/pkg/option/Int64Option.go:478.2,479.16 2 2
github.com/Foxcapades/goop/v1/pkg/option/Int64Option.go:483.2,483.26 1 1
github.com/Foxcapades/goop/v1/pkg/option/Int64Option.go:474.20,476.3 1 1
github.com/Foxcapades/goop/v1/pkg/option/Int64Option.go:479.16,481.3 1 1
github.com/Foxcapades/goop/v1/pkg/option/Int64Option.go:489.57,490.20 1 2
github.com/Foxcapades/goop/v1/pkg/option/Int64Option.go:494.2,494.30 1 1
github.com/Foxcapades/goop/v1/pkg/option/Int64Option.go:490.20,492.3 1 1
github.com/Foxcapades/goop/v1/pkg/option/Int64Option.go:500.61,501.20 1 3
github.com/Foxcapades/goop/v1/pkg/option/Int64Option.go:505.2,505.35 1 2
github.com/Foxcapades/goop/v1/pkg/option/Int64Option.go:501.20,503.3 1 1
github.com/Foxcapades/goop/v1/pkg/option/Int64Option.go:517.83,518.20 1 3
github.com/Foxcapades/goop/v1/pkg/option/Int64Option.go:522.2,523.16 2 2
github.com/Foxcapades/goop/v1/pkg/option/Int64Option.go:527.2,527.16 1 1
github.com/Foxcapades/goop/v1/pkg/option/Int64Option.go:531.2,531.29 1 1
github.com/Foxcapades/goop/v1/pkg/option/Int64Option.go:518.20,520.3 1 1
github.com/Foxcapades/goop/v1/pkg/option/Int64Option.go:523.16,525.3 1 1
github.com/Foxcapades/goop/v1/pkg/option/Int64Option.go:527.16,529.3 1 0
github.com/Foxcapades/goop/v1/pkg/option/Int64Option.go:540.70,541.20 1 2
github.com/Foxcapades/goop/v1/pkg/option/Int64Option.go:545.2,547.16 2 1
github.com/Foxcapades/goop/v1/pkg/option/Int64Option.go:551.2,551.24 1 1
github.com/Foxcapades/goop/v1/pkg/option/Int64Option.go:541.20,543.3 1 1
github.com/Foxcapades/goop/v1/pkg/option/Int64Option.go:547.16,549.3 1 0
github.com/Foxcapades/goop/v1/pkg/option/Int64Option.go:557.74,558.20 1 3
github.com/Foxcapades/goop/v1/pkg/option/Int64Option.go:562.2,562.38 1 2
github.com/Foxcapades/goop/v1/pkg/option/Int64Option.go:558.20,560.3 1 1
github.com/Foxcapades/goop/v1/pkg/option/Int64Option.go:571.70,572.20 1 3
github.com/Foxcapades/goop/v1/pkg/option/Int64Option.go:576.2,577.16 2 2
github.com/Foxcapades/goop/v1/pkg/option/Int64Option.go:581.2,581.26 1 1
github.com/Foxcapades/goop/v1/pkg/option/Int64Option.go:572.20,574.3 1 1
github.com/Foxcapades/goop/v1/pkg/option/Int64Option.go:577.16,579.3 1 1
github.com/Foxcapades/goop/v1/pkg/option/Int64Option.go:587.57,588.20 1 2
github.com/Foxcapades/goop/v1/pkg/option/Int64Option.go:592.2,592.30 1 1
github.com/Foxcapades/goop/v1/pkg/option/Int64Option.go:588.20,590.3 1 1
github.com/Foxcapades/goop/v1/pkg/option/Int64Option.go:598.61,599.20 1 3
github.com/Foxcapades/goop/v1/pkg/option/Int64Option.go:603.2,603.35 1 2
github.com/Foxcapades/goop/v1/pkg/option/Int64Option.go:599.20,601.3 1 1
github.com/Foxcapades/goop/v1/pkg/option/Int64Option.go:612.76,613.20 1 3
github.com/Foxcapades/goop/v1/pkg/option/Int64Option.go:617.2,618.16 2 2
github.com/Foxcapades/goop/v1/pkg/option/Int64Option.go:622.2,622.28 1 1
github.com/Foxcapades/goop/v1/pkg/option/Int64Option.go:613.20,615.3 1 1
github.com/Foxcapades/goop/v1/pkg/option/Int64Option.go:618.16,620.3 1 1
github.com/Foxcapades/goop/v1/pkg/option/Int64Option.go:628.63,629.20 1 2
github.com/Foxcapades/goop/v1/pkg/option/Int64Option.go:633.2,633.32 1 1
github.com/Foxcapades/goop/v1/pkg/option/Int64Option.go:629.20,631.3 1 1
github.com/Foxcapades/goop/v1/pkg/option/Int64Option.go:639.67,640.20 1 3
github.com/Foxcapades/goop/v1/pkg/option/Int64Option.go:644.2,644.37 1 2
github.com/Foxcapades/goop/v1/pkg/option/Int64Option.go:640.20,642.3 1 1
github.com/Foxcapades/goop/v1/pkg/option/Int64Option.go:653.70,654.20 1 3
github.com/Foxcapades/goop/v1/pkg/option/Int64Option.go:658.2,659.16 2 2
github.com/Foxcapades/goop/v1/pkg/option/Int64Option.go:663.2,663.26 1 1
github.com/Foxcapades/goop/v1/pkg/option/Int64Option.go:654.20,656.3 1 1
github.com/Foxcapades/goop/v1/pkg/option/Int64Option.go:659.16,661.3 1 1
[...]
github.com/Foxcapades/goop/v1/pkg/option/Uint16Option.go:680.69,681.20 1 3
github.com/Foxcapades/goop/v1/pkg/option/Uint16Option.go:685.2,685.37 1 2
github.com/Foxcapades/goop/v1/pkg/option/Uint16Option.go:681.20,683.3 1 1
github.com/Foxcapades/goop/v1/pkg/option/Uint16Option.go:694.72,695.20 1 3
github.com/Foxcapades/goop/v1/pkg/option/Uint16Option.go:699.2,700.16 2 2
github.com/Foxcapades/goop/v1/pkg/option/Uint16Option.go:704.2,704.26 1 1
github.com/Foxcapades/goop/v1/pkg/option/Uint16Option.go:695.20,697.3 1 1
github.com/Foxcapades/goop/v1/pkg/option/Uint16Option.go:700.16,702.3 1 1
github.com/Foxcapades/goop/v1/pkg/option/Uint16Option.go:710.59,711.20 1 2
github.com/Foxcapades/goop/v1/pkg/option/Uint16Option.go:715.2,715.30 1 1
github.com/Foxcapades/goop/v1/pkg/option/Uint16Option.go:711.20,713.3 1 1
github.com/Foxcapades/goop/v1/pkg/option/Uint16Option.go:721.63,722.20 1 3
github.com/Foxcapades/goop/v1/pkg/option/Uint16Option.go:726.2,726.35 1 2
github.com/Foxcapades/goop/v1/pkg/option/Uint16Option.go:722.20,724.3 1 1
github.com/Foxcapades/goop/v1/pkg/option/Uint16Option.go:735.78,736.20 1 3
github.com/Foxcapades/goop/v1/pkg/option/Uint16Option.go:740.2,741.16 2 2
github.com/Foxcapades/goop/v1/pkg/option/Uint16Option.go:745.2,745.28 1 1
github.com/Foxcapades/goop/v1/pkg/option/Uint16Option.go:736.20,738.3 1 1
github.com/Foxcapades/goop/v1/pkg/option/Uint16Option.go:741.16,743.3 1 1
github.com/Foxcapades/goop/v1/pkg/option/Uint16Option.go:751.65,752.20 1 2
github.com/Foxcapades/goop/v1/pkg/option/Uint16Option.go:756.2,756.32 1 1
github.com/Foxcapades/goop/v1/pkg/option/Uint16Option.go:752.20,754.3 1 1
github.com/Foxcapades/goop/v1/pkg/option/Uint16Option.go:762.69,763.20 1 3
github.com/Foxcapades/goop/v1/pkg/option/Uint16Option.go:767.2,767.37 1 2
github.com/Foxcapades/goop/v1/pkg/option/Uint16Option.go:763.20,765.3 1 1
github.com/Foxcapades/goop/v1/pkg/option/Uint16Option.go:776.78,777.20 1 3
github.com/Foxcapades/goop/v1/pkg/option/Uint16Option.go:781.2,782.16 2 2
github.com/Foxcapades/goop/v1/pkg/option/Uint16Option.go:786.2,786.28 1 1
github.com/Foxcapades/goop/v1/pkg/option/Uint16Option.go:777.20,779.3 1 1
github.com/Foxcapades/goop/v1/pkg/option/Uint16Option.go:782.16,784.3 1 1
github.com/Foxcapades/goop/v1/pkg/option/Uint16Option.go:792.65,793.20 1 2
github.com/Foxcapades/goop/v1/pkg/option/Uint16Option.go:797.2,797.32 1 1
github.com/Foxcapades/goop/v1/pkg/option/Uint16Option.go:793.20,795.3 1 1
github.com/Foxcapades/goop/v1/pkg/option/Uint16Option.go:803.69,804.20 1 3
github.com/Foxcapades/goop/v1/pkg/option/Uint16Option.go:808.2,808.37 1 2
github.com/Foxcapades/goop/v1/pkg/option/Uint16Option.go:804.20,806.3 1 1
github.com/Foxcapades/goop/v1/pkg/option/Uint16Option.go:817.75,818.20 1 3
github.com/Foxcapades/goop/v1/pkg/option/Uint16Option.go:822.2,823.16 2 2
github.com/Foxcapades/goop/v1/pkg/option/Uint16Option.go:827.2,827.27 1 1
github.com/Foxcapades/goop/v1/pkg/option/Uint16Option.go:818.20,820.3 1 1
github.com/Foxcapades/goop/v1/pkg/option/Uint16Option.go:823.16,825.3 1 1
github.com/Foxcapades/goop/v1/pkg/option/Uint16Option.go:833.62,834.20 1 2
github.com/Foxcapades/goop/v1/pkg/option/Uint16Option.go:838.2,838.31 1 1
github.com/Foxcapades/goop/v1/pkg/option/Uint16Option.go:834.20,836.3 1 1
github.com/Foxcapades/goop/v1/pkg/option/Uint16Option.go:844.66,845.20 1 3
github.com/Foxcapades/goop/v1/pkg/option/Uint16Option.go:849.2,849.36 1 2
github.com/Foxcapades/goop/v1/pkg/option/Uint16Option.go:845.20,847.3 1 1
github.com/Foxcapades/goop/v1/pkg/option/Uint16Option.go:855.63,856.20 1 3
github.com/Foxcapades/goop/v1/pkg/option/Uint16Option.go:860.2,860.37 1 2
github.com/Foxcapades/goop/v1/pkg/option/Uint16Option.go:856.20,858.3 1 1
github.com/Foxcapades/goop/v1/pkg/option/BoolOption.go:6.29,8.2 1 133
github.com/Foxcapades/goop/v1/pkg/option/BoolOption.go:18.35,21.17 2 40
github.com/Foxcapades/goop/v1/pkg/option/BoolOption.go:26.2,26.12 1 40
github.com/Foxcapades/goop/v1/pkg/option/BoolOption.go:21.17,24.3 2 20
github.com/Foxcapades/goop/v1/pkg/option/BoolOption.go:30.26,32.2 1 133
github.com/Foxcapades/goop/v1/pkg/option/BoolOption.go:43.28,45.2 1 96
github.com/Foxcapades/goop/v1/pkg/option/BoolOption.go:48.32,50.2 1 5
github.com/Foxcapades/goop/v1/pkg/option/BoolOption.go:54.33,55.20 1 2
github.com/Foxcapades/goop/v1/pkg/option/BoolOption.go:59.2,59.17 1 1
github.com/Foxcapades/goop/v1/pkg/option/BoolOption.go:55.20,57.3 1 1
github.com/Foxcapades/goop/v1/pkg/option/BoolOption.go:64.42,65.20 1 2
github.com/Foxcapades/goop/v1/pkg/option/BoolOption.go:69.2,69.17 1 1
github.com/Foxcapades/goop/v1/pkg/option/BoolOption.go:65.20,67.3 1 1
github.com/Foxcapades/goop/v1/pkg/option/BoolOption.go:74.55,75.20 1 2
github.com/Foxcapades/goop/v1/pkg/option/BoolOption.go:79.2,79.17 1 1
github.com/Foxcapades/goop/v1/pkg/option/BoolOption.go:75.20,76.14 1 1
github.com/Foxcapades/goop/v1/pkg/option/BoolOption.go:84.52,85.20 1 56
github.com/Foxcapades/goop/v1/pkg/option/BoolOption.go:89.2,89.17 1 55
github.com/Foxcapades/goop/v1/pkg/option/BoolOption.go:85.20,86.13 1 1
github.com/Foxcapades/goop/v1/pkg/option/BoolOption.go:94.26,96.2 1 56
github.com/Foxcapades/goop/v1/pkg/option/BoolOption.go:104.68,105.20 1 3
github.com/Foxcapades/goop/v1/pkg/option/BoolOption.go:109.2,110.16 2 2
github.com/Foxcapades/goop/v1/pkg/option/BoolOption.go:114.2,114.26 1 1
github.com/Foxcapades/goop/v1/pkg/option/BoolOption.go:105.20,107.3 1 1
github.com/Foxcapades/goop/v1/pkg/option/BoolOption.go:110.16,112.3 1 1
github.com/Foxcapades/goop/v1/pkg/option/BoolOption.go:120.55,121.20 1 2
github.com/Foxcapades/goop/v1/pkg/option/BoolOption.go:125.2,125.30 1 1
github.com/Foxcapades/goop/v1/pkg/option/BoolOption.go:121.20,123.3 1 1
github.com/Foxcapades/goop/v1/pkg/option/BoolOption.go:131.59,132.20 1 3
github.com/Foxcapades/goop/v1/pkg/option/BoolOption.go:136.2,136.35 1 2
github.com/Foxcapades/goop/v1/pkg/option/BoolOption.go:132.20,134.3 1 1
github.com/Foxcapades/goop/v1/pkg/option/BoolOption.go:145.86,146.20 1 3
github.com/Foxcapades/goop/v1/pkg/option/BoolOption.go:150.2,151.16 2 2
github.com/Foxcapades/goop/v1/pkg/option/BoolOption.go:155.2,155.32 1 1
github.com/Foxcapades/goop/v1/pkg/option/BoolOption.go:146.20,148.3 1 1
github.com/Foxcapades/goop/v1/pkg/option/BoolOption.go:151.16,153.3 1 1
github.com/Foxcapades/goop/v1/pkg/option/BoolOption.go:161.73,162.20 1 2
github.com/Foxcapades/goop/v1/pkg/option/BoolOption.go:166.2,166.36 1 1
github.com/Foxcapades/goop/v1/pkg/option/BoolOption.go:162.20,164.3 1 1
github.com/Foxcapades/goop/v1/pkg/option/BoolOption.go:172.77,173.20 1 3
github.com/Foxcapades/goop/v1/pkg/option/BoolOption.go:177.2,177.41 1 2
github.com/Foxcapades/goop/v1/pkg/option/BoolOption.go:173.20,175.3 1 1
github.com/Foxcapades/goop/v1/pkg/option/BoolOption.go:186.83,187.20 1 3
github.com/Foxcapades/goop/v1/pkg/option/BoolOption.go:191.2,192.16 2 2
github.com/Foxcapades/goop/v1/pkg/option/BoolOption.go:196.2,196.31 1 1
github.com/Foxcapades/goop/v1/pkg/option/BoolOption.go:187.20,189.3 1 1
github.com/Foxcapades/goop/v1/pkg/option/BoolOption.go:192.16,194.3 1 1
github.com/Foxcapades/goop/v1/pkg/option/BoolOption.go:202.70,203.20 1 2
github.com/Foxcapades/goop/v1/pkg/option/BoolOption.go:207.2,207.35 1 1
github.com/Foxcapades/goop/v1/pkg/option/BoolOption.go:203.20,205.3 1 1
github.com/Foxcapades/goop/v1/pkg/option/BoolOption.go:213.74,214.20 1 3
github.com/Foxcapades/goop/v1/pkg/option/BoolOption.go:218.2,218.40 1 2
github.com/Foxcapades/goop/v1/pkg/option/BoolOption.go:214.20,216.3 1 1
github.com/Foxcapades/goop/v1/pkg/option/BoolOption.go:227.77,228.20 1 3
github.com/Foxcapades/goop/v1/pkg/option/BoolOption.go:232.2,233.16 2 2
github.com/Foxcapades/goop/v1/pkg/option/BoolOption.go:237.2,237.29 1 1
github.com/Foxcapades/goop/v1/pkg/option/BoolOption.go:228.20,230.3 1 1
github.com/Foxcapades/goop/v1/pkg/option/BoolOption.go:233.16,235.3 1 1
github.com/Foxcapades/goop/v1/pkg/option/BoolOption.go:243.64,244.20 1 2
github.com/Foxcapades/goop/v1/pkg/option/BoolOption.go:248.2,248.33 1 1
github.com/Foxcapades/goop/v1/pkg/option/BoolOption.go:244.20,246.3 1 1
github.com/Foxcapades/goop/v1/pkg/option/BoolOption.go:254.68,255.20 1 3
github.com/Foxcapades/goop/v1/pkg/option/BoolOption.go:259.2,259.38 1 2
github.com/Foxcapades/goop/v1/pkg/option/BoolOption.go:255.20,257.3 1 1
github.com/Foxcapades/goop/v1/pkg/option/BoolOption.go:268.77,269.20 1 3
github.com/Foxcapades/goop/v1/pkg/option/BoolOption.go:273.2,274.16 2 2
github.com/Foxcapades/goop/v1/pkg/option/BoolOption.go:278.2,278.29 1 1
github.com/Foxcapades/goop/v1/pkg/option/BoolOption.go:269.20,271.3 1 1
github.com/Foxcapades/goop/v1/pkg/option/BoolOption.go:274.16,276.3 1 1
github.com/Foxcapades/goop/v1/pkg/option/BoolOption.go:284.64,285.20 1 2
github.com/Foxcapades/goop/v1/pkg/option/BoolOption.go:289.2,289.33 1 1
github.com/Foxcapades/goop/v1/pkg/option/BoolOption.go:285.20,287.3 1 1
github.com/Foxcapades/goop/v1/pkg/option/BoolOption.go:295.68,296.20 1 3
github.com/Foxcapades/goop/v1/pkg/option/BoolOption.go:300.2,300.38 1 2
github.com/Foxcapades/goop/v1/pkg/option/BoolOption.go:296.20,298.3 1 1
github.com/Foxcapades/goop/v1/pkg/option/BoolOption.go:309.65,310.20 1 3
github.com/Foxcapades/goop/v1/pkg/option/BoolOption.go:314.2,315.16 2 2
github.com/Foxcapades/goop/v1/pkg/option/BoolOption.go:319.2,319.25 1 1
github.com/Foxcapades/goop/v1/pkg/option/BoolOption.go:310.20,312.3 1 1
github.com/Foxcapades/goop/v1/pkg/option/BoolOption.go:315.16,317.3 1 1
github.com/Foxcapades/goop/v1/pkg/option/BoolOption.go:325.52,326.20 1 2
github.com/Foxcapades/goop/v1/pkg/option/BoolOption.go:330.2,330.29 1 1
github.com/Foxcapades/goop/v1/pkg/option/BoolOption.go:326.20,328.3 1 1
github.com/Foxcapades/goop/v1/pkg/option/BoolOption.go:336.56,337.20 1 3
github.com/Foxcapades/goop/v1/pkg/option/BoolOption.go:341.2,341.34 1 2
github.com/Foxcapades/goop/v1/pkg/option/BoolOption.go:337.20,339.3 1 1
github.com/Foxcapades/goop/v1/pkg/option/BoolOption.go:350.71,351.20 1 3
github.com/Foxcapades/goop/v1/pkg/option/BoolOption.go:355.2,356.16 2 2
github.com/Foxcapades/goop/v1/pkg/option/BoolOption.go:360.2,360.27 1 1
github.com/Foxcapades/goop/v1/pkg/option/BoolOption.go:351.20,353.3 1 1
github.com/Foxcapades/goop/v1/pkg/option/BoolOption.go:356.16,358.3 1 1
github.com/Foxcapades/goop/v1/pkg/option/BoolOption.go:366.58,367.20 1 2
github.com/Foxcapades/goop/v1/pkg/option/BoolOption.go:371.2,371.31 1 1
github.com/Foxcapades/goop/v1/pkg/option/BoolOption.go:367.20,369.3 1 1
github.com/Foxcapades/goop/v1/pkg/option/BoolOption.go:377.62,378.20 1 3
github.com/Foxcapades/goop/v1/pkg/option/BoolOption.go:382.2,382.36 1 2
github.com/Foxcapades/goop/v1/pkg/option/BoolOption.go:378.20,380.3 1 1
github.com/Foxcapades/goop/v1/pkg/option/BoolOption.go:391.71,392.20 1 3
github.com/Foxcapades/goop/v1/pkg/option/BoolOption.go:396.2,397.16 2 2
github.com/Foxcapades/goop/v1/pkg/option/BoolOption.go:401.2,401.27 1 1
github.com/Foxcapades/goop/v1/pkg/option/BoolOption.go:392.20,394.3 1 1
github.com/Foxcapades/goop/v1/pkg/option/BoolOption.go:397.16,399.3 1 1
github.com/Foxcapades/goop/v1/pkg/option/BoolOption.go:407.58,408.20 1 2
github.com/Foxcapades/goop/v1/pkg/option/BoolOption.go:412.2,412.31 1 1
github.com/Foxcapades/goop/v1/pkg/option/BoolOption.go:408.20,410.3 1 1
github.com/Foxcapades/goop/v1/pkg/option/BoolOption.go:418.62,419.20 1 3
github.com/Foxcapades/goop/v1/pkg/option/BoolOption.go:423.2,423.36 1 2
github.com/Foxcapades/goop/v1/pkg/option/BoolOption.go:419.20,421.3 1 1
github.com/Foxcapades/goop/v1/pkg/option/BoolOption.go:432.71,433.20 1 3
github.com/Foxcapades/goop/v1/pkg/option/BoolOption.go:437.2,438.16 2 2
github.com/Foxcapades/goop/v1/pkg/option/BoolOption.go:442.2,442.27 1 1
github.com/Foxcapades/goop/v1/pkg/option/BoolOption.go:433.20,435.3 1 1
github.com/Foxcapades/goop/v1/pkg/option/BoolOption.go:438.16,440.3 1 1
github.com/Foxcapades/goop/v1/pkg/option/BoolOption.go:448.58,449.20 1 2
github.com/Foxcapades/goop/v1/pkg/option/BoolOption.go:453.2,453.31 1 1
github.com/Foxcapades/goop/v1/pkg/option/BoolOption.go:449.20,451.3 1 1
github.com/Foxcapades/goop/v1/pkg/option/BoolOption.go:459.62,460.20 1 3
github.com/Foxcapades/goop/v1/pkg/option/BoolOption.go:464.2,464.36 1 2
github.com/Foxcapades/goop/v1/pkg/option/BoolOption.go:460.20,462.3 1 1
github.com/Foxcapades/goop/v1/pkg/option/BoolOption.go:473.68,474.20 1 3
github.com/Foxcapades/goop/v1/pkg/option/BoolOption.go:478.2,479.16 2 2
github.com/Foxcapades/goop/v1/pkg/option/BoolOption.go:483.2,483.26 1 1
github.com/Foxcapades/goop/v1/pkg/option/BoolOption.go:474.20,476.3 1 1
github.com/Foxcapades/goop/v1/pkg/option/BoolOption.go:479.16,481.3 1 1
github.com/Foxcapades/goop/v1/pkg/option/BoolOption.go:489.55,490.20 1 2
github.com/Foxcapades/goop/v1/pkg/option/BoolOption.go:494.2,494.30 1 1
github.com/Foxcapades/goop/v1/pkg/option/BoolOption.go:490.20,492.3 1 1
github.com/Foxcapades/goop/v1/pkg/option/BoolOption.go:500.59,501.20 1 3
github.com/Foxcapades/goop/v1/pkg/option/BoolOption.go:505.2,505.35 1 2
github.com/Foxcapades/goop/v1/pkg/option/BoolOption.go:501.20,503.3 1 1
github.com/Foxcapades/goop/v1/pkg/option/BoolOption.go:517.81,518.20 1 3
github.com/Foxcapades/goop/v1/pkg/option/BoolOption.go:522.2,523.16 2 2
github.com/Foxcapades/goop/v1/pkg/option/BoolOption.go:527.2,527.16 1 1
github.com/Foxcapades/goop/v1/pkg/option/BoolOption.go:531.2,531.29 1 1
github.com/Foxcapades/goop/v1/pkg/option/BoolOption.go:518.20,520.3 1 1
github.com/Foxcapades/goop/v1/pkg/option/BoolOption.go:523.16,525.3 1 1
github.com/Foxcapades/goop/v1/pkg/option/BoolOption.go:527.16,529.3 1 0
github.com/Foxcapades/goop/v1/pkg/option/BoolOption.go:540.68,541.20 1 2
github.com/Foxcapades/goop/v1/pkg/option/BoolOption.go:545.2,547.16 2 1
github.com/Foxcapades/goop/v1/pkg/option/BoolOption.go:551.2,551.24 1 1
github.com/Foxcapades/goop/v1/pkg/option/BoolOption.go:541.20,543.3 1 1
github.com/Foxcapades/goop/v1/pkg/option/BoolOption.go:547.16,549.3 1 0
github.com/Foxcapades/goop/v1/pkg/option/BoolOption.go:557.72,558.20 1 3
github.com/Foxcapades/goop/v1/pkg/option/BoolOption.go:562.2,562.38 1 2
github.com/Foxcapades/goop/v1/pkg/option/BoolOption.go:558.20,560.3 1 1
github.com/Foxcapades/goop/v1/pkg/option/BoolOption.go:571.68,572.20 1 3
github.com/Foxcapades/goop/v1/pkg/option/BoolOption.go:576.2,577.16 2 2
github.com/Foxcapades/goop/v1/pkg/option/BoolOption.go:581.2,581.26 1 1
github.com/Foxcapades/goop/v1/pkg/option/BoolOption.go:572.20,574.3 1 1
github.com/Foxcapades/goop/v1/pkg/option/BoolOption.go:577.16,579.3 1 1
github.com/Foxcapades/goop/v1/pkg/option/BoolOption.go:587.55,588.20 1 2
github.com/Foxcapades/goop/v1/pkg/option/BoolOption.go:592.2,592.30 1 1
github.com/Foxcapades/goop/v1/pkg/option/BoolOption.go:588.20,590.3 1 1
github.com/Foxcapades/goop/v1/pkg/option/BoolOption.go:598.59,599.20 1 3
github.com/Foxcapades/goop/v1/pkg/option/BoolOption.go:603.2,603.35 1 2
github.com/Foxcapades/goop/v1/pkg/option/BoolOption.go:599.20,601.3 1 1
github.com/Foxcapades/goop/v1/pkg/option/BoolOption.go:612.74,613.20 1 3
github.com/Foxcapades/goop/v1/pkg/option/BoolOption.go:617.2,618.16 2 2
github.com/Foxcapades/goop/v1/pkg/option/BoolOption.go:622.2,622.28 1 1
github.com/Foxcapades/goop/v1/pkg/option/BoolOption.go:613.20,615.3 1 1
github.com/Foxcapades/goop/v1/pkg/option/BoolOption.go:618.16,620.3 1 1
github.com/Foxcapades/goop/v1/pkg/option/BoolOption.go:628.61,629.20 1 2
github.com/Foxcapades/goop/v1/pkg/option/BoolOption.go:633.2,633.32 1 1
github.com/Foxcapades/goop/v1/pkg/option/BoolOption.go:629.20,631.3 1 1
github.com/Foxcapades/goop/v1/pkg/option/BoolOption.go:639.65,640.20 1 3
github.com/Foxcapades/goop/v1/pkg/option/BoolOption.go:644.2,644.37 1 2
github.com/Foxcapades/goop/v1/pkg/option/BoolOption.go:640.20,642.3 1 1
github.com/Foxcapades/goop/v1/pkg/option/BoolOption.go:653.68,654.20 1 3
github.com/Foxcapades/goop/v1/pkg/option/BoolOption.go:658.2,659.16 2 2
github.com/Foxcapades/goop/v1/pkg/option/BoolOption.go:663.2,663.26 1 1
github.com/Foxcapades/goop/v1/pkg/option/BoolOption.go:654.20,656.3 1 1
github.com/Foxcapades/goop/v1/pkg/option/BoolOption.go:659.16,661.3 1 1
github.com/Foxcapades/goop/v1/pkg/option/BoolOption.go:669.55,670.20 1 2
github.com/Foxcapades/goop/v1/pkg/option/BoolOption.go:674.2,674.30 1 1
github.com/Foxcapades/goop/v1/pkg/option/BoolOption.go:670.20,672.3 1 1
github.com/Foxcapades/goop/v1/pkg/option/BoolOption.go:680.59,681.20 1 3
github.com/Foxcapades/goop/v1/pkg/option/BoolOption.go:685.2,685.35 1 2
github.com/Foxcapades/goop/v1/pkg/option/BoolOption.go:681.20,683.3 1 1
github.com/Foxcapades/goop/v1/pkg/option/BoolOption.go:694.74,695.20 1 3
github.com/Foxcapades/goop/v1/pkg/option/BoolOption.go:699.2,700.16 2 2
github.com/Foxcapades/goop/v1/pkg/option/BoolOption.go:704.2,704.28 1 1
github.com/Foxcapades/goop/v1/pkg/option/BoolOption.go:695.20,697.3 1 1
github.com/Foxcapades/goop/v1/pkg/option/BoolOption.go:700.16,702.3 1 1
github.com/Foxcapades/goop/v1/pkg/option/BoolOption.go:710.61,711.20 1 2
github.com/Foxcapades/goop/v1/pkg/option/BoolOption.go:715.2,715.32 1 1
github.com/Foxcapades/goop/v1/pkg/option/BoolOption.go:711.20,713.3 1 1
github.com/Foxcapades/goop/v1/pkg/option/BoolOption.go:721.65,722.20 1 3
github.com/Foxcapades/goop/v1/pkg/option/BoolOption.go:726.2,726.37 1 2
github.com/Foxcapades/goop/v1/pkg/option/BoolOption.go:722.20,724.3 1 1
github.com/Foxcapades/goop/v1/pkg/option/BoolOption.go:735.74,736.20 1 3
github.com/Foxcapades/goop/v1/pkg/option/BoolOption.go:740.2,741.16 2 2
github.com/Foxcapades/goop/v1/pkg/option/BoolOption.go:745.2,745.28 1 1
github.com/Foxcapades/goop/v1/pkg/option/BoolOption.go:736.20,738.3 1 1
github.com/Foxcapades/goop/v1/pkg/option/BoolOption.go:741.16,743.3 1 1
github.com/Foxcapades/goop/v1/pkg/option/BoolOption.go:751.61,752.20 1 2
github.com/Foxcapades/goop/v1/pkg/option/BoolOption.go:756.2,756.32 1 1
github.com/Foxcapades/goop/v1/pkg/option/BoolOption.go:752.20,754.3 1 1
github.com/Foxcapades/goop/v1/pkg/option/BoolOption.go:762.65,763.20 1 3
github.com/Foxcapades/goop/v1/pkg/option/BoolOption.go:767.2,767.37 1 2
github.com/Foxcapades/goop/v1/pkg/option/BoolOption.go:763.20,765.3 1 1
github.com/Foxcapades/goop/v1/pkg/option/BoolOption.go:776.74,777.20 1 3
github.com/Foxcapades/goop/v1/pkg/option/BoolOption.go:781.2,782.16 2 2
github.com/Foxcapades/goop/v1/pkg/option/BoolOption.go:786.2,786.28 1 1
github.com/Foxcapades/goop/v1/pkg/option/BoolOption.go:777.20,779.3 1 1
github.com/Foxcapades/goop/v1/pkg/option/BoolOption.go:782.16,784.3 1 1
github.com/Foxcapades/goop/v1/pkg/option/BoolOption.go:792.61,793.20 1 2
github.com/Foxcapades/goop/v1/pkg/option/BoolOption.go:797.2,797.32 1 1
github.com/Foxcapades/goop/v1/pkg/option/BoolOption.go:793.20,795.3 1 1
github.com/Foxcapades/goop/v1/pkg/option/BoolOption.go:803.65,804.20 1 3
github.com/Foxcapades/goop/v1/pkg/option/BoolOption.go:808.2,808.37 1 2
github.com/Foxcapades/goop/v1/pkg/option/BoolOption.go:804.20,806.3 1 1
github.com/Foxcapades/goop/v1/pkg/option/BoolOption.go:817.71,818.20 1 3
github.com/Foxcapades/goop/v1/pkg/option/BoolOption.go:822.2,823.16 2 2
github.com/Foxcapades/goop/v1/pkg/option/BoolOption.go:827.2,827.27 1 1
github.com/Foxcapades/goop/v1/pkg/option/BoolOption.go:818.20,820.3 1 1
github.com/Foxcapades/goop/v1/pkg/option/BoolOption.go:823.16,825.3 1 1
github.com/Foxcapades/goop/v1/pkg/option/BoolOption.go:833.58,834.20 1 2
github.com/Foxcapades/goop/v1/pkg/option/BoolOption.go:838.2,838.31 1 1
github.com/Foxcapades/goop/v1/pkg/option/BoolOption.go:834.20,836.3 1 1
github.com/Foxcapades/goop/v1/pkg/option/BoolOption.go:844.62,845.20 1 3
github.com/Foxcapades/goop/v1/pkg/option/BoolOption.go:849.2,849.36 1 2
github.com/Foxcapades/goop/v1/pkg/option/BoolOption.go:845.20,847.3 1 1
github.com/Foxcapades/goop/v1/pkg/option/BoolOption.go:855.55,856.20 1 3
github.com/Foxcapades/goop/v1/pkg/option/BoolOption.go:860.2,860.35 1 2
github.com/Foxcapades/goop/v1/pkg/option/BoolOption.go:856.20,858.3 1 1
